8 0 184 164 159 18 284 258 97
8 296 87 4 62 38 166 22 211
7 216 88 246 144 28 138 293
6 180 103 58 263 239 181
6 85 80 225 29 118 100
6 249 162 74 230 235 149
5 7 276 44 191 1
6 75 137 245 117 195 178
5 294 187 102 139 183
5 148 56 277 90 123
4 203 105 26 104
4 133 285 295 45
4 259 200 232 23
4 136 63 268 31
4 127 267 236 280
4 260 57 158 292
5 95 261 202 255 130
5 227 91 147 238 52
4 290 188 76 274
4 218 226 64 199
3 15 96 25
3 273 128 119
4 60 40 298 153
3 156 253 264
3 129 254 51
3 79 11 257
3 213 14 145
3 21 197 37
3 224 114 252
3 39 86 279
3 281 131 43
3 174 42 251
2 214 287
3 282 109 77
2 241 16
2 244 83
2 204 250
2 217 141
3 146 190 289
3 121 124 115
2 157 126
2 82 142
2 50 297
2 68 262
2 271 120
2 3 288
2 111 240
2 209 69
2 207 20
2 27 84
2 163 151
2 61 229
2 170 143
1 89
2 177 17
2 160 47
2 73 49
2 237 135
2 6 270
2 140 247
2 48 132
2 93 186
2 283 169
1 101
1 10
1 5
1 201
1 248
1 98
1 205
1 112
1 266
2 223 67
1 78
1 196
1 265
1 55
1 242
1 182
1 106
2 155 66
1 12
1 192
1 152
1 59
1 176
1 71
1 228
1 215
1 154
1 30
1 206
1 256
1 233
1 272
2 189 165
1 94
1 208
1 278
1 173
