21 6689 8703 7862 3875 4704 9858 4828 6437 3031 8591 3266 4852 2871 4362 8005 3720 5935 8790 5850 2864 3562
22 519 3457 1852 95 7686 6893 9222 8505 8550 1591 6505 8873 4831 7622 3132 6867 2194 6496 1809 6664 5666 7059
22 1066 1815 8277 989 8236 7916 7633 8945 4856 3753 8025 7646 3214 2371 3306 1122 8423 5685 470 8837 9334 7036
22 88 8271 2626 6473 3566 4639 1098 5001 8883 7164 6105 8863 2712 6812 6557 4680 4283 2353 540 770 170 6221
22 7499 7293 6804 6186 3663 9684 3609 8928 1911 8545 1796 1740 2215 7887 9236 6760 4416 5463 7814 4672 1931 1948
21 606 2296 3104 1550 5422 2394 9248 8109 9790 5262 7217 125 525 9855 7027 9794 6193 7087 6715 9396 4865
22 3817 8149 8328 9757 7579 6407 462 5099 8136 3714 4460 5625 4850 1687 9455 9094 4284 7295 9653 6576 6458 8154
22 4525 6654 874 8419 9832 2126 508 8413 9983 5958 4970 4621 7322 3355 1103 532 7992 2161 1514 4018 2203 4622
21 5335 7864 7638 6818 2900 3102 8956 7366 6713 1031 3016 8842 5906 9342 1099 36 6701 7073 302 6717 7161
22 677 3294 5535 4404 4139 8101 1391 5372 7647 3123 5512 7461 4501 3598 2380 9178 289 913 188 9311 5629 7173
21 4742 7612 7768 3842 6023 7282 7187 6838 9015 6625 3072 7871 7160 4176 7845 6976 6720 8589 2679 840 3408
22 423 445 6752 2074 2132 1215 9070 6746 6391 5042 8524 9148 2552 1451 3711 9404 8004 5867 4257 1958 3688 1559
20 6466 9449 3490 5642 5366 5915 5907 133 3186 1065 7723 1485 3943 75 8499 4983 7214 5591 2312 7744
21 2920 1605 3129 5816 92 1565 2558 2179 8097 8544 4535 154 8436 6561 9445 1445 8355 491 6148 3858 6113
22 8175 4475 8892 4733 169 9195 1595 2393 959 3661 9278 2016 8345 3387 6949 5781 1379 7427 9797 8211 263 2225
21 7475 6913 3317 6220 4914 8190 6757 9789 7392 9103 2062 6945 6704 3806 270 9271 2080 602 3113 6789 8210
21 2519 7287 9267 2934 146 9570 1480 1282 947 5314 9237 5681 9801 3956 7607 9525 1552 4795 6958 2286 9374
21 4094 6404 3910 4250 241 6784 7197 9420 3846 9358 5548 3961 9853 7128 925 5924 5928 6373 7219 8654 4281
22 6002 739 9805 9795 5799 3326 8686 1271 7384 6799 6574 333 7616 3590 6549 6330 7054 6606 6070 6676 2376 4120
21 4839 3236 128 290 660 1613 6902 7830 5670 274 72 2943 96 2517 6095 8777 4484 8836 9061 5474 1318
21 2735 190 2118 3199 1245 3770 523 1166 3967 3404 3399 5271 6086 9119 4527 4596 755 4614 2321 3500 737
21 7965 477 6450 596 6216 8094 6098 1584 4263 3877 1050 2294 5645 1196 9728 2744 3486 1658 6973 4695 4987
21 5497 1438 2401 8093 102 6971 5844 4937 3610 2506 3913 9506 7388 3725 7765 8065 5785 8195 4723 2449 5376
22 2432 7318 3461 3066 8795 1487 1455 7415 793 5472 5233 1382 6175 2617 5392 5126 5515 9676 8391 5977 6650 9326
21 2465 9406 9255 172 6969 7642 2906 8416 8963 9136 9867 3707 331 7550 3937 5745 7423 2905 2697 7824 8582
22 5018 3527 5636 6475 5263 2355 7103 987 1592 5061 9902 5258 1017 5633 1162 6383 9873 792 4445 5446 2130 1088
21 5860 6794 4084 9654 4659 6589 2477 9208 3772 122 356 7605 7500 4827 673 5788 6343 3942 4267 538 7375
21 672 2233 8573 98 5267 5660 3843 365 2375 5385 7531 9835 8498 7945 5492 6487 2435 7395 8232 8923 3749
21 4601 7711 9503 9634 9457 9234 147 862 1123 6908 970 875 1596 6227 6852 1575 4780 4972 3126 4479 5225
21 9888 5213 9944 8464 529 7019 7466 7726 2192 4964 77 1974 9009 787 6166 3037 3415 7950 9383 3014 73
21 4008 4877 2657 4482 2059 9394 1220 1598 6157 3141 1450 6754 2708 9050 3019 9217 1490 4230 7834 9937 710
21 3090 3197 9806 2216 4481 141 9284 2874 2863 6312 5862 7063 9422 3523 8985 8206 705 7705 4393 4779 4156
21 6916 3005 8792 6764 8421 8806 7873 3790 3443 4290 7403 4963 4053 973 8733 664 5469 3971 5150 7017 3889
21 5324 1384 9078 2235 475 9177 8585 5941 3672 9292 3406 8495 4526 5261 2705 3302 4508 7606 8 8519 2691
21 5970 7156 3430 950 984 8938 3657 5302 4125 126 6829 6891 3525 1775 4576 8514 4474 9555 12 1290 4319
21 8310 3579 1869 2635 8445 8412 2292 5105 1681 4272 9939 4565 7345 4719 426 4814 6195 6950 1195 4261 6997
21 4618 5808 6951 9871 7994 1746 9288 7542 83 1720 3235 6033 9786 4341 6551 7756 7892 4728 1074 9577 9638
21 9409 1609 9559 1491 5135 1311 7697 8051 4669 714 7944 1824 7752 551 3357 2223 4542 6229 2961 26 3032
21 6663 6329 3541 4202 8995 8595 2969 2040 6708 3416 3262 1469 3935 7378 7514 3350 6065 4516 1581 7002 4286
21 2720 8630 9316 780 6523 708 7457 130 7624 304 1668 6483 27 5355 4192 891 1739 6936 6999 4296 4047
21 6277 8425 7372 8856 354 6698 7829 3509 4924 37 1125 1750 7721 1214 3187 2853 4180 3349 9277 5046 432
21 4855 8736 7648 5719 992 3482 7562 7080 7620 2595 6714 1572 3004 5257 1397 4193 4161 7717 9454 447 1808
22 769 1372 4630 3666 8504 1583 4274 8494 9155 1624 3489 1782 3401 8944 2306 8899 6136 4995 5937 7157 6099 4891
21 4309 2589 3068 5626 5228 3451 8827 4282 3463 9671 5956 1502 3538 340 3658 7593 650 1403 5342 3928 616
21 5235 8262 3403 4228 6729 7191 8645 6386 6866 8705 1702 1786 6299 2081 9662 971 6770 2145 2133 8612 9673
21 2571 8029 1527 3915 4643 3169 1896 7900 3592 8177 214 4715 7238 5759 2638 345 7121 7964 1084 5232 5664
21 1305 5387 3821 4782 8110 5701 7564 3044 8007 9534 3763 3521 6079 4933 3831 747 7833 131 6461 5652 3588
21 8708 3655 5025 8991 9949 2979 3867 857 6821 6609 997 50 5696 6432 2066 3423 1662 8724 5753 9214 1304
21 7463 4583 8786 5602 5495 1169 6930 1470 8551 1383 3101 1053 1632 3164 5843 3600 5644 4210 9850 8508 4900
21 1209 8557 720 830 1902 4798 3974 3765 9361 4747 3568 1165 6180 2496 748 9036 5773 5316 3023 5854 3043
21 9514 6123 248 7226 7692 4344 382 2086 6389 3241 149 9683 9945 5945 1063 8880 4375 8943 5434 926 3880
21 187 109 8198 1723 5662 5913 4206 6808 6696 6085 1982 9318 9605 322 416 8655 49 5148 8735 4599 4716
21 4377 817 1054 2036 6927 6374 5792 3450 9908 4075 2563 7974 4847 7923 2363 8658 1788 1619 4901 9878 8122
21 1097 4984 5771 8868 7209 4331 4834 7407 3077 3065 6846 8060 4187 4023 6797 2743 4616 5051 13 1377 5857
21 273 7028 5721 1628 7253 3098 5356 163 4711 5651 4710 8247 3582 6351 8472 2088 3280 8910 4735 3719 5877
21 9679 3596 3947 1201 2482 2640 9632 7712 6743 6970 4464 8317 6709 4708 6599 5613 7954 8861 6627 3255 9281
22 6783 1228 9543 1792 6814 4792 5835 7920 2636 9139 4903 2348 2757 5111 3109 7919 2811 5667 5362 9220 6210 2508
21 5440 7114 3866 4613 7840 8188 6832 5289 5692 1501 4032 6149 2236 858 5414 6679 7540 7202 1408 4683 8480
21 9003 1630 41 5511 3636 9948 6367 2622 1875 3595 545 4801 1851 110 7473 123 3460 5439 8404 5531 1139
21 3444 5615 8346 6000 751 6132 7569 1979 9785 1275 4265 8314 632 2466 8322 5190 966 6534 6955 1677 3723
21 4059 2944 1010 4107 6261 772 6962 7727 8017 889 3962 5360 7921 8443 8537 236 4928 2936 2421 5592 6191
21 6815 7398 1955 3616 531 1109 6882 8148 2438 2596 8361 1163 9188 9261 2514 8625 9439 3715 8580 4277 4799
21 9752 9935 481 1326 617 709 8075 7931 612 8755 4382 7385 9312 4837 3822 861 8834 393 5388 757 638
21 7861 4781 8309 1272 2937 7216 1309 7857 7750 1988 4567 7107 2012 4655 6109 9502 4551 1234 1052 4812 6371
21 5769 5948 3092 640 4953 4664 7532 280 5353 7009 6414 2785 3342 3217 7841 2987 4908 8602 1570 4951 9906
21 8477 3409 5748 7442 1686 3940 4800 9724 4893 8067 7260 6697 528 4822 9365 1242 5095 6693 7702 6840 5504
21 5086 7889 1995 1963 7759 6251 1302 2264 5278 8590 8539 2256 7855 2232 9603 1517 4240 3143 5760 5176 9714
21 8518 3148 7631 6474 823 5576 8058 929 3894 4489 6205 5966 1839 6395 7667 9197 7283 637 9711 3591 8276
21 5445 1492 8338 2967 986 1537 6344 9441 7149 2024 1116 7327 8651 8771 988 1153 1173 4324 4996 9938 4374
21 7070 3575 1142 6392 3493 6618 425 215 7502 9816 5904 104 7932 7003 8248 5797 5432 8683 5202 8666 5412
21 6263 2641 6410 1873 1845 4256 7503 2829 4096 7507 4430 5852 4389 5936 3998 3100 9746 3797 5505 4897 5819
21 5934 7993 4421 2261 3993 4696 3909 1891 4357 4809 5274 6906 2728 7030 9125 479 7484 3819 7673 9615 3631
21 9305 9347 4848 9164 9135 9364 5824 6106 9994 6833 8129 676 9039 6530 5755 5648 1801 5926 6088 980 8949
21 9707 3540 2566 4705 3082 4366 9612 8446 490 9142 7999 7966 8732 9437 1732 7491 6872 4418 1060 9058 962
21 5299 2942 7637 9625 6402 4384 4623 6041 8261 2580 1320 7273 2350 6568 6992 8723 3950 9580 6968 5931 2586
21 3607 1406 6669 6771 9202 8652 5514 2612 6290 6629 7454 5739 3704 8478 6040 2962 9013 2594 5545 5988 6439
21 9313 3826 3462 9511 9710 2362 121 5878 1420 7326 261 3244 1621 9034 2750 9931 1128 5506 7112 9753 9796
21 9976 7180 8351 3966 9065 2291 5564 8659 3121 4590 6137 7832 6532 3736 6230 860 2318 6573 7165 1522 8171
21 3549 2536 5757 7698 552 9481 4491 2272 8150 5929 6975 1945 7449 9285 4306 7426 4333 3917 8607 4490 2276
21 6695 9473 7546 5347 4986 3345 4775 2281 8764 8833 6854 3336 2267 5114 1540 4466 9922 9668 763 5458 5953
21 9393 1323 3188 7690 8367 6805 578 9319 8960 8492 8673 8438 6267 6773 3479 9417 1279 9296 7154 7335 9915
21 4758 4546 442 3840 3477 8167 4989 9694 7796 7879 2644 8015 124 5594 3131 4287 5836 3095 4741 1935 8113
21 1335 4428 9144 4869 6048 4326 5033 9584 8916 2631 467 8362 7674 3820 7332 4864 4413 6005 729 3012 1418
21 1867 4387 7465 6634 9429 4503 1048 3854 9330 5694 3233 9218 7738 9093 9149 6489 6390 1683 7978 2862 1006
21 6822 8302 4624 9557 5036 4371 5995 8562 1967 1921 260 3379 114 681 3581 7487 3745 901 9876 3984 3097
21 7429 7471 7249 6550 7785 1846 2415 8491 2444 1870 6308 4517 335 7910 9857 3899 7803 1731 3081 8701 4292
21 3156 9402 2539 5351 2781 3062 4871 1791 7935 5587 7582 500 6091 6787 9308 8983 9294 291 234 9545 1579
21 3629 4260 2904 9450 6886 5579 7048 7414 2319 8621 3832 5349 2772 5199 8455 8124 143 7518 4522 8884 5404
21 5300 7129 9628 2167 4615 9263 2270 4114 5523 3377 5552 2274 7155 1401 5266 1161 7349 9639 8138 4751 8870
21 1273 9090 2642 846 1355 3759 1779 536 4330 6820 8855 5195 2971 2803 1691 1484 207 2259 7831 6595 7115
21 2316 6493 8835 2570 9037 6082 1179 4111 6605 6165 7016 7598 7591 3223 8677 4534 1321 5839 9215 9146 1659
21 2883 1512 3368 1508 4764 9655 5076 8229 6519 8748 7914 3195 6990 8305 2195 9973 1374 4769 3180 2200 2441
21 4307 3651 1363 3783 292 7808 3421 4456 2042 5786 859 3483 6215 9618 8769 3189 2823 1813 1599 2136 5272
21 9799 6457 3779 8772 4749 5951 8296 3561 7823 5379 9080 9616 521 8172 5231 2392 9465 5065 2623 7131 4042
21 3307 6199 4502 1729 6101 9075 397 7654 10 2740 4188 5525 9017 8117 8859 1877 9814 5368 7023 1772 7733
21 7040 1984 2780 2639 9180 4327 2220 1639 6235 6436 7351 3738 6667 5761 9332 3175 8145 5833 6993 4332 702
21 1757 8458 730 318 607 2377 2790 9849 4532 8725 7734 1933 7584 7306 9551 2588 6358 8657 9637 4568 3458
21 6670 4414 3354 6984 3190 9809 9950 2366 7178 8693 1519 6823 1906 3834 4480 8802 5251 5130 669 1207 8350
21 2949 8024 6338 8791 9209 4130 8506 2910 7266 7007 3796 7797 1717 8592 5989 2249 5399 5204 6782 2251 7813
21 1315 9649 8157 4020 4021 2753 3621 808 7918 3137 7177 8165 5605 1916 7774 7181 1112 6096 3836 148 1722
21 1543 4706 8382 3191 1496 9647 5452 1392 5999 90 1072 7543 7656 8734 5707 228 7597 7489 1287 3185 7242
21 5192 7116 5507 6739 6648 9159 3228 1393 2713 4591 3841 7397 2555 4954 9279 3268 9622 7953 3780 6465 6795
21 9847 3640 4980 6567 9751 1346 3798 2025 1771 4988 771 5810 6385 9108 2891 630 6545 1120 443 5876 9172
21 7401 6135 6836 5668 9341 7425 9228 8511 9607 2109 2950 6859 2988 132 7067 3033 4896 2598 9095 5476 4268
21 2135 6658 1276 3114 5050 1862 193 8125 4038 7529 2017 6811 2010 3506 6071 2127 4702 937 3172 5865 9770
22 5424 8209 3510 266 5584 775 2525 1198 1980 8074 8669 9233 8050 2226 9107 38 9200 8678 5749 7989 579 8900
22 6115 4959 2198 935 2776 9539 4397 2248 2137 3139 7718 42 668 158 5085 5236 7291 844 3041 758 5293 5370
21 2917 4208 1524 4666 7548 4497 9077 8502 4378 4805 3674 4631 4817 6144 4215 8964 6933 1497 7303 3284 181
21 3869 4885 1564 3270 8937 374 1912 1810 3574 2437 5482 9275 4336 358 9715 1881 6074 5224 3522 1573 9970
21 117 4693 1804 511 4645 2667 6156 2234 4539 4312 1964 1171 1375 7336 373 8635 8454 7618 8888 2540 2300
21 222 7704 409 9657 4171 2320 5298 8026 2526 5767 5167 2364 1711 7258 9066 8483 8387 3734 4079 1327 675
21 7928 2079 3991 5303 2033 5622 4944 9303 1317 9706 6604 8252 5336 1730 9414 9069 8971 7184 6246 5637 722
22 4071 5113 9045 1601 225 4123 458 6987 1800 6167 3487 963 2282 6555 6553 1172 8364 3128 8879 4220 5253 1410
22 8292 5358 8784 7787 2207 8860 4653 1541 754 433 8841 5217 6372 2860 87 1694 1836 5345 2423 6769 1510 3569
21 6807 1773 3396 9743 896 5803 3946 3761 7148 800 2190 4097 8930 5795 6586 522 5401 1129 651 8641 5697
21 7957 3196 150 3445 1886 1081 2043 5901 1424 1394 7100 6117 5416 2484 6957 7213 2165 2767 8482 6032 7825
21 8731 2357 1223 8614 9678 2797 1872 1748 8721 5292 1629 5921 9825 2701 5940 7324 3275 4354 9499 9721 7189
21 9619 1593 1218 6903 3958 8243 9912 7305 3948 283 7062 9111 4765 4425 785 9777 5121 349 7818 3107 8202
22 3855 699 419 4602 7847 8761 5550 4921 912 1534 7708 8729 2587 1486 8012 5641 7083 5735 4976 1473 3812 1212
21 1138 842 6202 5732 6024 1443 5031 1466 8105 2139 242 3553 8528 6937 2953 1506 7589 8797 8613 1462 3741
21 303 2166 8224 1252 942 2505 7724 8901 6292 3154 1291 6478 745 5680 1238 3941 5131 4383 4759 9004 2902
21 9325 7320 1200 8079 5766 4617 3429 4892 8212 6444 731 9181 7961 6554 8108 5276 9432 8218 1898 9599 8156
21 2559 5743 209 3420 376 1062 7271 5959 7004 9593 6262 2186 591 6841 4178 8942 2114 3343 3304 6935 2998
21 713 6110 975 1777 4024 5952 9516 5462 3606 5249 1597 1885 6637 5109 62 3407 2046 7842 8279 1472 6613
21 4894 3208 6711 3026 9537 7811 286 2804 7205 4443 5002 250 3452 903 4671 4444 8295 2550 9567 759 2848
21 372 1013 482 483 1079 826 7984 387 3079 2837 6617 3437 2336 2676 603 2182 3488 58 2144 796 4145
21 700 5818 3263 210 9617 2884 1429 2607 5073 8993 6025 7265 8196 6276 2727 8036 60 9010 5834 9831 9533
21 6831 7198 8040 2352 6809 2652 2065 1924 3977 9917 2398 803 5186 6661 8497 2005 3922 2193 7563 5373 557
21 3167 5875 7602 3319 4555 4888 6179 6120 1946 5537 1078 9327 5863 9695 6037 2488 3158 9895 9494 165 136
21 961 3951 135 8085 3818 7933 3895 5301 6779 3392 9091 8680 7728 4748 7421 5467 4083 2170 8429 4510 5294
21 2061 5491 9696 4115 2105 3793 5323 1096 2769 6171 1296 1444 4960 8417 3695 6653 3872 1043 7151 811 4186
21 7657 9128 6255 4297 8194 8560 9526 3231 8268 909 186 3777 1856 1249 4488 5185 45 7136 9669 5714 2858
21 6706 6849 7236 8989 2434 1553 876 6751 1199 1345 3979 634 577 3730 564 593 307 8275 5563 794 9766
21 6381 9052 493 8681 6871 8970 4638 4014 2945 6816 385 6490 2816 5200 6354 2692 6153 8623 2610 707 3492
21 84 8020 8440 4830 3435 9900 7764 2468 3645 2213 8143 3916 2047 2572 5612 1362 5544 4134 7228 1306 7467
21 3055 9852 3830 4973 8118 9132 4677 355 4701 6983 8127 974 8241 3815 9016 8894 6611 4971 2185 8424 8301
21 1560 9137 9874 2382 422 2360 1643 7389 3547 5600 1926 4036 7925 5542 5588 4504 1903 16 4451 8552 1056
21 8640 2838 6003 1460 4485 5238 7234 1203 255 8169 6130 6289 7299 2778 9535 4183 8866 9596 86 1758 3204
21 24 8158 5425 6498 646 514 2054 1264 6488 9643 999 1622 5905 1975 5177 6954 5146 3369 1966 566 6453
21 4143 1113 8434 7883 8273 9458 7573 8662 2796 7819 7106 9674 6337 8041 9063 4577 2301 296 6981 1137 7795
21 920 6747 8902 977 1835 871 2702 6056 6138 7570 3130 195 471 205 4146 6892 3260 1991 2795 3656 2724
21 3555 3257 9631 4657 2696 120 9822 2938 2614 1130 6061 5568 9565 654 9529 8467 3626 2914 5874 5408 7836
21 541 7020 2399 497 1324 7941 4163 402 724 5364 3856 3920 3412 2317 2168 8267 5831 3681 5647 2839 5606
21 2356 627 457 4396 3721 7315 7915 4642 399 232 9331 5175 6400 6632 5703 5673 4061 54 845 8044 8215
21 6901 7230 8521 6703 7386 9561 2867 7949 6201 3212 2719 1164 7893 3764 4116 9008 2460 6046 4998 9635 2544
21 1515 9685 2973 6454 6966 7010 1476 1638 2737 1499 3686 1057 2150 3419 3301 8066 6427 2764 2287 4446 1923
21 4078 2538 5285 8796 9033 3203 3862 5188 9006 2175 6008 8003 7890 570 2347 8180 5162 6057 9123 4160 2677
21 9675 5990 502 9524 66 7134 542 7594 7763 6682 1999 3283 1025 6309 9500 3882 8386 2703 4162 3791 3386
21 3442 8055 1994 7685 9981 4045 6909 7793 6375 7781 3747 3395 8181 2334 6232 526 9984 6154 8311 321 3478
21 55 2714 168 1684 9546 6283 6067 8134 1876 3893 4369 4461 478 1243 9088 5747 5459 667 7565 778 9430
21 3253 6558 7248 5779 8615 2314 8687 2841 9778 8961 2414 4745 4849 5823 1360 7192 4142 6250 2100 1823 1705
21 2576 5237 5541 3047 7901 1523 2875 1176 4718 405 5778 7608 1124 6388 468 2704 8321 8636 5896 5939 2273
21 8329 8376 7580 2250 1281 178 3499 4566 4264 5704 4947 7976 3684 2029 6732 68 4519 176 8526 1225 9916
21 6412 9974 7314 4137 1587 990 599 9141 2151 434 6612 2365 5270 5363 5618 7348 265 9189 3046 6242 3825
21 4346 8435 7574 381 9475 4119 2368 3782 1688 1387 3495 9416 7175 3706 8358 6899 8707 4612 6944 8137 2070
21 3580 3990 6265 2338 8742 7169 8266 2513 6920 4890 2358 1068 6314 1807 5013 7826 7959 8313 9024 9558 8414
21 2247 5112 9926 7382 9410 3746 3305 4085 2332 3902 8779 9957 8392 4254 5081 2625 9978 4968 5055 4140 2337
21 549 1860 5540 2041 8642 3205 2107 777 235 2960 547 5655 7201 5078 8255 51 746 8487 441 1254 9304
21 4090 2791 3105 5627 2178 9101 8407 2141 4055 9716 8299 8258 3361 1498 5153 5118 4303 1680 4531 9918 8874
21 6198 9452 9633 6645 9842 8981 4293 6134 678 9709 2996 2685 344 4923 7639 834 4556 8488 1654 2926 8543
22 5885 3311 4920 656 8403 1436 7770 7381 9479 4073 663 5849 2793 1578 4182 3431 9339 783 4785 535 295 7049
21 9523 2748 7572 1863 2919 4756 4907 9592 2452 5016 7405 7419 3659 5987 8408 8608 410 2210 3781 6931 5842
21 3988 789 6360 8059 2551 4195 6460 3372 3340 7626 6707 1371 5585 3649 3226 3814 2925 1837 4691 7356 4592
22 9140 7451 1221 9345 2217 6133 1297 5725 3039 6862 7130 28 8927 8846 2146 2968 269 5010 1544 5449 4158 8022
21 4637 4437 3426 6446 8191 3532 3691 9300 9022 1714 9193 996 6666 8875 8781 8132 3886 2993 4157 7408 6520
21 1005 7104 4246 506 8671 244 2547 2901 3992 3213 6565 8439 8668 5286 7526 9005 869 4729 4273 1939 3277
21 375 2899 4299 8653 3124 3524 7691 1568 9508 7538 6798 6027 5035 5022 3716 2807 9689 900 2310 2408 8441
21 157 7512 4225 3542 85 444 2842 1960 3501 6326 6176 1941 9591 3087 7625 5283 1825 1452 6147 7881 3134
21 2869 5744 4064 4028 7245 6587 2885 7998 5247 5032 9269 3353 4222 1270 9099 4757 5617 2833 7138 3069 2208
21 7956 945 3073 6503 4880 629 4498 4019 5442 5308 7735 9350 4334 829 9491 191 1617 836 5889 7586 4955
21 5716 5060 7243 2056 645 7344 5632 9167 9884 3053 4359 1058 2085 8757 1091 5337 2094 6445 7568 910 7410
21 3103 166 6718 8747 3194 3181 8214 1389 3925 3293 5421 4165 6860 6918 4943 5423 7509 1347 4339 3503 3619
21 8962 2006 7666 35 8882 6716 1589 15 3182 5565 449 5522 868 8388 6084 3084 3106 8380 6569 7459 2806
21 3371 3160 3411 8682 8609 2209 1259 5329 2078 8166 6608 7802 4946 1957 7981 7300 2643 1425 5798 1718 8131
21 7929 6924 6765 267 9375 9928 6121 6443 2498 5104 510 2567 5165 8084 1577 5354 1600 9493 6151 8374 6470
21 1992 5393 4255 6438 2304 2984 1197 8160 8741 6083 2632 9425 4579 4342 4627 6673 1665 371 1961 8770 3528
21 9283 4223 9830 8575 7663 2045 7339 3476 936 279 9212 1351 4505 1032 1766 3206 7290 2554 5616 424 6260
21 1776 6150 4673 2916 2771 3622 883 4406 3174 5640 7076 2991 1996 8912 8712 3063 7307 3422 2326 8594 5665
21 3149 3459 4815 9492 9761 546 5567 4667 4533 9225 9630 9400 1990 8754 6092 2446 4392 1585 6052 392 5723
21 4058 1635 1267 8128 9134 3122 3851 275 4002 728 1567 253 5754 2387 7225 4288 955 4563 2202 685 948
21 1664 2784 5282 2600 8951 4699 1338 5386 4496 3625 4454 116 8954 9367 9413 4367 2734 7977 8541 1456 1343
21 29 4537 3083 4806 6643 1985 3314 6140 3210 7560 9780 4870 6162 7670 7033 4294 2131 5845 7409 8690 465
21 2020 5510 9030 2031 9923 9962 4866 1603 6888 5872 5558 4360 6510 1036 2369 2472 8501 1288 9387 7878 8147
21 5868 7553 655 2442 7203 9731 3146 9192 5559 2159 1857 7786 7439 7908 5321 9719 204 9467 8897 8898 8957
21 6961 7329 9890 6563 1232 4356 1532 8186 1822 9029 4647 4076 5483 3318 1244 6796 6702 7008 7215 3535 9184
21 1833 2788 9286 9620 5674 3839 5879 2057 5486 6863 4232 6174 6588 5893 7084 4108 7664 8849 9484 8332 5063
21 9563 5858 8207 4291 9262 4477 5770 6848 1328 238 7798 7969 8922 5315 6964 2014 2604 6045 1488 2922 7904
21 1888 3170 6029 9002 1294 9975 6268 8843 3339 6578 3391 7848 7973 5938 3800 7074 1482 5460 9025 8941 1038
21 1353 1024 1640 5012 6270 8617 4853 6641 4843 7298 2931 9730 8907 1648 7495 1185 9568 9656 8385 298 7368
21 4150 8586 1421 5756 2585 1101 5967 5040 2808 7807 4351 7072 4514 628 8405 7481 4994 8089 3405 4790 7460
21 7399 8459 5954 7434 7256 6013 7474 319 5154 17 4218 9447 7571 7247 5726 7694 1126 8825 1972 3218 4122
21 4842 2123 326 7337 5853 5116 6243 7872 9114 2861 293 1965 8531 3497 8794 7204 7412 469 9369 2243 5543
21 2912 2963 7086 2077 2831 3646 8014 7222 8400 3009 4663 855 4001 7443 4609 4676 6107 3787 6051 4606 6291
21 5693 726 956 5234 6537 9408 9837 5708 9998 3150 6513 4529 7652 7470 8853 5246 1231 8503 2880 406 3380
21 8406 8699 2690 9190 4595 2810 9073 8339 4562 4093 8513 5963 220 287 5918 3040 2830 5044 8043 4311 8622
21 5341 5034 3603 9018 1365 3623 7221 2241 4543 8811 4902 8676 1548 3153 450 9051 6302 8648 4554 1962 9677
21 7141 5359 9869 3906 7912 7761 8533 8193 6730 9113 4874 851 5132 2255 5328 9606 9434 5395 7906 2819 9573
21 474 7357 2782 8034 853 4227 6865 5610 6406 2532 7886 3221 743 1049 981 9875 9771 5964 2794 5230 7441
21 2695 9996 2495 4101 6512 1168 2565 2907 689 9988 3152 7875 7838 1083 6624 429 3914 5731 6434 59 2509
21 1528 9768 2605 152 8176 821 4046 2601 4106 256 4804 4674 7578 226 4640 3273 3015 5489 5825 6559 6479
21 9084 7210 1313 8042 6272 3373 9729 4104 6059 2325 5575 6738 9518 9991 2001 6394 1133 5499 1141 2342 2134
21 9216 8629 615 856 7882 9062 2174 2246 9624 9583 1743 2254 727 1657 3678 7170 5960 1092 1191 906 8535
21 4379 8021 4153 1175 7364 3904 2898 4550 1396 6038 9348 7377 3074 6531 6934 5327 2976 7374 5923 8001 6494
21 2986 2512 565 4938 2613 2011 5219 5163 7440 1075 8532 3577 520 3769 7126 7485 2013 6273 7751 3514 8019
21 585 9246 825 3615 1349 4398 9264 6921 3316 8475 694 2522 7333 5677 9098 4179 2307 3184 1919 3110 2597
21 6228 1651 4875 4587 8259 4872 2164 5630 5221 2116 8569 7124 3897 2918 1608 1127 3978 5688 690 472 2169
21 5406 9544 9297 8530 8555 1644 5451 8760 8289 8415 9162 6219 3639 2328 7038 2725 750 3529 7233 8808 7700
21 583 1194 8637 9464 9576 6172 5123 4314 8624 4660 877 6758 9598 9893 7139 2372 6209 436 6019 5318 2755
21 8559 8713 9845 5783 8030 6579 8610 3757 6726 8616 2700 9597 4650 6646 642 5447 1812 1350 8838 398 8885
21 4435 8290 4703 32 1352 396 9370 7334 8126 1783 9470 2494 4370 9053 2475 8765 8281 3898 5443 4054 8947
21 5717 5746 5777 4957 4786 9133 138 586 67 9571 173 738 8496 8457 6224 4545 6300 3035 5973 2609 9476
21 3281 902 4761 5054 6280 5279 2921 3295 5092 4316 2068 5524 3823 1829 3048 6731 5252 9371 4252 2618 6063
21 7952 1489 4154 7277 8529 674 1710 8826 5133 9554 9442 8427 5468 8604 1737 8053 4610 1641 5248 1878 1285
21 4494 328 428 4141 6078 7309 1716 6223 7262 4547 2892 8013 2239 6690 3192 9145 7079 6991 4641 7742 5244
21 5304 5487 1177 1222 2732 175 4634 1612 2390 6858 6204 227 6938 9932 5965 4860 9223 2583 8308 9834 2117
21 297 9595 8915 1465 4541 5374 1117 7120 3267 5981 414 2093 5149 3485 3094 2746 2888 9168 1826 6750 626
21 741 8449 5699 3680 4607 2275 377 6066 3550 1310 2789 8584 4201 2533 1404 452 3771 7863 898 8375 939
20 7640 9463 5120 3594 1263 115 7822 953 9247 733 5357 2545 752 6310 6723 8114 9280 4611 1115 5758
21 5598 9087 9011 7190 161 2527 1069 5519 8383 7024 53 1671 2199 3804 3954 3932 8238 5311 6093 3892 8054
21 3564 8979 1970 2787 9889 252 2948 1539 7065 103 4632 139 1673 3668 2647 9953 2689 4841 8372 4911 5108
21 6952 7082 8588 6356 1441 3393 544 3007 8646 1761 8813 9718 9959 2111 4462 7544 1419 5003 3637 9726 8201
21 9207 3329 7255 7884 2930 2395 9844 8072 2218 4770 8763 6429 2419 2022 1754 5129 1495 6482 3042 9765 7093
21 568 2520 4285 164 7636 2675 8603 7143 1767 5216 9244 8039 2149 2650 885 2624 1952 598 2280 3679 4124
21 3025 1090 9640 2799 6570 6163 9720 3271 618 732 534 9946 2183 4030 2050 6440 1202 5011 70 5179 7472
21 734 8848 4349 9116 8037 8300 9896 1012 9783 6522 7549 7447 2027 7022 418 1184 8222 7413 4649 8538 5571
21 8395 2436 69 2333 3802 4213 9226 893 4486 958 3912 5796 1505 337 4037 3744 7251 9336 2940 325 1646
21 4495 3067 4080 1667 1631 2108 716 1981 7587 2189 8360 972 8905 2800 8639 7660 4861 4886 1983 391 2658
21 1040 1530 6200 1647 9127 4724 4594 7614 6064 7288 5733 8336 8286 8465 9126 7559 3727 421 635 2322 3120
21 622 1734 3816 7668 9100 2260 5070 6181 8692 4845 7583 2485 6791 7858 1080 5560 9703 9781 9241 3064 438
21 7561 9401 3200 4658 2817 4552 1692 4343 5583 5102 2344 3878 2367 5319 3456 7279 3287 6788 2847 5790 2876
21 3471 5856 439 3583 6967 5405 2809 7967 9378 2955 2611 217 5196 8660 4238 6828 3995 6998 2815 1623 3969
21 2008 6877 7876 9314 9497 1725 9611 4266 683 8903 9651 6620 334 6500 336 1987 3002 6177 7057 7011 8740
21 2941 3384 5566 2686 6896 6237 1004 8799 692 4906 9967 9725 9522 3171 3309 6097 5242 7722 8468 7133 1009
21 957 6884 3334 1557 1762 7456 4353 9001 6240 2850 1690 1011 9762 5215 6100 2067 9340 3945 1645 6257 2664
21 3239 8739 3017 3036 6639 5045 847 9000 4219 5529 9863 3545 7852 6623 3996 6028 7369 8090 5485 2227 4530
21 3743 4170 802 3370 7411 459 9031 2052 9333 1217 2084 4560 2895 2569 9713 5037 5521 4189 9782 9700 4662
21 9979 7846 9382 3807 5751 2924 4714 3811 670 5992 2634 8810 3955 9315 1483 9942 1059 3931 4778 6817 2049
21 5381 5572 718 1755 5866 8694 4884 3075 3573 4979 4578 2662 2403 5397 5946 7955 5209 3520 7649 7789 1367
21 4882 8323 8285 3220 5043 9964 8510 9379 4440 4217 3968 4740 7360 7851 7144 4298 6435 8199 1576 1653 8331
21 8675 9851 8146 5539 9242 8909 9701 2909 9150 6785 5183 2682 3713 4081 3034 6275 8096 2211 1064 6917 5471
21 7877 9691 119 7710 4593 691 9992 6253 2154 1307 914 4234 5427 2101 6766 932 6700 3871 3390 2836 1020
21 1735 3758 5212 2577 8876 3261 1417 9324 7091 8516 2299 6286 1183 2331 6781 411 5787 3671 2822 1293 8862
21 61 7891 8823 3414 7856 9027 8664 6642 924 386 1566 7486 4917 9161 1814 4458 5048 7035 2814 9736 6342
21 8840 892 9947 8831 9972 3165 6426 4086 9023 1914 3939 223 9122 838 1157 5822 1398 7880 5047 1204 4432
21 8950 4511 3108 5156 6580 7387 1348 9433 3282 9205 6763 7982 4771 3726 8032 7317 4041 7163 9977 2019 9536
21 6649 2928 1997 2731 4854 1325 4062 3285 8650 9224 7313 2389 2158 1089 1675 8515 4463 3923 9739 7758 3617
21 6541 7117 6125 7034 5695 8984 1299 9968 695 2854 3551 7328 63 8600 9905 6010 652 9486 9818 3480 5173
21 1978 3424 5017 8768 633 3785 4236 2402 3905 7615 6504 941 1151 2872 9343 2870 8142 3441 6978 7053 5895
21 8420 6068 9487 3112 704 3531 8033 1679 8540 9163 5220 9423 5590 192 7358 246 9057 3762 2492 5470 3289
21 6724 2143 5516 1797 7732 5400 7422 7231 6939 6486 1727 8347 2655 9907 8393 9854 7416 9211 5159 6271 3346
21 9581 9306 4507 8368 9276 8220 4113 6864 6926 1516 3331 1535 1890 3089 8751 7261 1868 3417 2637 3611 2983
21 8728 8104 1233 3740 1331 7301 2972 4916 4487 4259 1932 3908 5339 1616 6369 4589 221 259 9507 8098 1569
21 9411 3029 5887 7934 6336 649 8851 6681 9230 278 8270 6528 8972 4932 5671 1507 7676 7297 9650 2487 6152
21 4214 1100 1904 1 1152 6491 8638 7488 6824 8749 1136 9866 1678 6878 407 1044 390 401 6881 6087 2840
21 9020 2711 4050 4656 7162 6476 9882 6596 8140 4789 5093 4102 8709 6233 1927 5084 7603 9290 5494 8163 142
21 5902 6159 5090 2982 5375 6737 7817 4167 151 4190 1920 968 2832 569 7644 9243 1467 7051 1454 5848 1134
21 7119 4200 9769 5678 7479 1110 7592 9838 527 3447 6281 7995 3481 6303 7308 5871 5407 7577 7719 795 7146
21 2429 3138 1959 6398 9165 7837 2958 3308 6810 1145 8197 7302 1329 7105 960 9373 2628 8168 4904 6016 9642
21 6456 9191 3717 9071 4990 8062 979 7987 9085 8750 6776 8887 8399 8643 7828 8522 7617 8216 6112 1210 3020
21 489 6851 1830 611 5690 8272 9054 2104 7462 4997 8068 9435 7294 574 3125 6341 308 4918 7623 3559 3021
21 268 5654 332 7232 348 886 1008 9298 9722 7402 4982 824 503 4304 3934 5290 2827 5599 587 1055 5828
21 9626 6786 3795 1627 559 2543 9652 1934 5804 9355 9704 4571 2295 2932 2002 8924 562 6895 7424 8123 2897
21 8342 2426 7446 9171 9035 2072 8401 6036 8649 8049 361 2354 8318 8977 5752 1366 4269 7801 7985 2773 6
21 2278 271 3544 5503 2653 7445 2023 6451 5464 1266 6469 9572 34 4755 1571 7523 623 8152 455 5280 2172
21 580 6740 7870 9042 8379 1211 9438 7749 543 6187 2087 3960 9235 4110 2707 6183 1744 3612 6080 8087 464
21 610 2293 4686 2651 159 7907 1820 6806 2504 6655 8076 3700 2542 6524 1241 1380 9266 3533 7968 2410 1150
21 8179 3024 7874 6141 8973 5702 1330 2417 2037 6459 370 6790 3888 3884 6017 3464 4813 3310 3264 5720 7223
20 1993 315 9104 9064 8804 5310 516 2228 639 3011 3352 9665 2752 1765 964 3766 9154 7350 3863 6311
21 3692 4648 6942 5107 3784 8869 1045 8814 9321 2129 786 814 7590 6626 2258 9391 6598 8877 2656 6241 9117
21 7799 2026 9385 2140 8298 9272 2156 4224 9407 517 801 8829 7396 5772 504 4726 3322 107 8363 1001 2530
21 6361 3572 839 4409 2119 9963 9553 7689 4899 1154 3237 9688 6328 44 5927 764 7736 5239 2329 1261 3985
21 5161 1674 199 6615 9068 3247 2115 3127 2051 1850 7292 1262 1237 9892 4169 597 7888 1594 749 5265 4929
21 4687 7792 1908 8940 2160 2602 1248 6839 8460 5313 3756 6014 3383 4961 460 8456 5429 9210 6294 805 7252
21 219 3891 1518 9419 2661 1412 6727 3070 7547 3351 3455 4322 3382 5546 5015 5127 2458 4305 9259 5390 8377
21 3030 7428 8816 7492 4930 8263 2467 2082 2345 1236 4521 9594 4524 8474 6592 182 6355 4242 4768 6104 7058
21 9187 4233 5829 7380 7276 4879 2121 5481 4651 4978 7340 4974 3599 6254 5144 8333 2564 8384 431 7714 1378
21 9291 2422 435 9477 7041 7729 6932 8182 7791 4881 5925 682 6827 6837 5774 7257 5750 791 2730 2221 4338
21 2313 9920 7567 5187 8151 9833 7361 3474 6712 6339 5728 8512 9699 4598 6049 4859 2865 9775 4883 6994 8948
21 554 1689 6420 5158 7477 5100 7508 2479 4777 9337 5675 309 2459 9587 4131 7055 6421 5623 5536 3690 1615
20 4788 400 4720 2663 907 1937 7493 2557 2722 6733 4597 1672 9344 5765 466 7821 4408 5077 7001 7524
21 3693 9274 9485 2409 4958 7762 9911 4209 2341 5139 4512 4289 3801 9032 1520 7338 3003 6685 7996 8185 2163
20 8204 661 8410 982 8116 1942 8801 1840 9302 2990 8141 7371 5832 8349 1556 3604 6986 8260 7496 5944
21 6424 5466 2537 6430 2385 6279 8500 6963 4457 5117 9821 4262 3144 5488 5079 7390 6108 8858 2073 5547 6687
21 4098 8566 6128 1634 8228 7643 2648 7865 11 4878 1901 2447 2553 3096 5784 1028 9427 9 6761 1547 1929
21 9698 2106 7430 3022 5433 8990 7370 1787 3115 1471 1340 5805 8045 6671 4253 1437 8919 6876 7391 4931 9608
20 4066 3976 9815 849 2044 2388 9623 9368 4851 8917 1719 1853 6660 7 1076 6449 1698 2606 3093 7783
21 1866 5698 7554 895 3215 1864 3997 8225 3593 4323 4452 8583 2038 6506 4797 8626 4791 8717 9909 1082 6185
21 6780 7677 1655 7628 46 6081 5619 8988 740 4067 5729 420 2672 931 1258 4391 899 4310 6533 3347 8618
21 6900 4455 6012 2927 7682 4270 7794 6683 2400 4407 7653 9431 5595 3768 5454 2262 3274 2683 3400 8337 8700
21 6160 5710 2783 922 1250 7693 1790 1461 9110 3299 7137 8697 5203 2666 9040 8908 1085 3080 5840 9764 3618
21 7911 9320 2305 4245 7135 7805 4117 395 3356 9774 8969 2242 8778 2801 3303 8144 9260 2103 4424 4350 2818
20 9901 9412 6536 9182 8353 1521 5569 5201 6231 863 6006 2739 451 2826 2779 1915 3627 5413 8865 231
20 8698 864 5295 4585 4966 7576 3754 8450 4473 806 8442 359 4166 2201 3944 4760 197 1147 430 1019
21 4056 4575 3585 3398 9564 6672 2568 6211 866 4168 5577 6636 6736 653 6278 3071 2521 1301 6792 5029 2813
21 5881 2975 2440 9712 9604 1859 5074 6571 366 6940 6332 3448 2974 4386 5775 4129 9956 8320 9717 4013 5020
21 8520 8715 1986 6340 5082 7558 509 7806 7077 453 3446 6376 7060 1413 9501 7539 7039 3677 5322 7069 3883
21 5027 1251 1240 7211 7665 4355 9980 1774 5180 6043 5943 5793 2381 4975 6428 5555 6621 4600 2456 2096 1300
21 2327 1030 47 5917 5287 5160 8288 2 338 9185 3613 2351 4816 5115 2069 4509 4399 1213 790 8120 5561
21 8102 6168 9105 3701 2665 5014 897 65 9490 6552 7099 556 8966 2058 1526 555 111 1295 5855 9776 5586
20 7229 9666 284 761 5409 9424 5684 6883 9351 512 5068 5611 8233 3440 9745 3248 7938 6943 8619 8304
21 113 5500 212 9738 1968 1415 3157 5155 575 3045 9079 1696 1707 1107 3348 480 8696 3652 5949 1663 8934
20 9670 2915 8448 832 1509 2095 6905 8743 2959 2947 841 4754 7240 237 6768 7158 4315 5718 5961 2271
21 3667 4935 498 8955 7777 74 1104 4685 1029 4993 3242 3376 6691 9174 2792 5634 3250 1969 4049 4553 8850
20 6767 2335 8536 2952 7278 843 2766 7525 8470 4919 3397 6055 496 781 4721 5264 6317 2157 9461 9176
20 3410 6455 2518 7193 595 3648 4302 4515 4033 1277 3511 5614 1950 2579 4402 4743 1895 4308 3543 20
21 2531 1625 8254 8187 127 4858 7903 3173 8307 6774 5722 2687 3670 6759 4151 2716 8451 6323 1892 9829 2491
21 6633 5189 5182 9872 403 5962 8312 6898 5389 1832 3234 1611 7725 7185 167 4132 7946 8371 9993 8057 548
21 394 4833 3512 1111 4403 6359 8953 8926 5268 6542 7331 3013 9204 4581 2723 4434 810 2843 3718 1701 5174
21 7188 8426 9705 6575 7096 9156 4244 9143 6366 887 4626 7541 1361 9173 1858 9808 5806 2113 2238 784 4243
21 768 6735 4558 208 4713 8164 3859 9934 8872 5976 9194 5128 1457 6050 6929 9885 2985 9196 1865 6721 4846
21 5402 6741 7312 8155 7448 3133 1799 2383 7220 2994 8476 1449 4513 6295 8409 4766 4967 3792 21 6507 6127
21 2774 3849 4207 6538 91 9440 8103 3845 7394 276 2721 8234 2097 9995 9448 8716 3576 7183 5661 5900 6518
20 1724 8774 5955 4544 300 2453 9859 1861 4773 9727 5419 4155 4738 9468 6236 4668 7905 2786 8106 1633
20 8213 3601 6327 7922 4605 3930 6161 5768 1741 7046 1493 1388 7480 5403 919 1334 4700 5817 7123 8847
20 7849 5996 3632 6652 6380 294 30 8918 5880 5243 8283 1828 7695 6577 1298 7681 6007 797 9756 1247
21 4586 245 4807 5656 177 9151 8316 9734 4044 7286 9886 5456 9531 2890 3980 140 7983 662 3712 7111 8217
20 6418 9985 665 7092 9273 7769 5256 9987 8291 5097 8390 8812 3198 1917 8756 5897 7044 5596 7311 4133
20 6843 9602 5957 6305 5724 3434 4784 3597 1834 1905 6734 2688 2674 765 2562 5972 5269 1312 4909 6350
21 3168 6304 1843 6705 3775 5603 52 4628 6415 2231 3873 3000 5277 2761 1928 2339 314 4149 8265 3724 976
20 2507 2681 1260 1977 6956 9812 463 501 2535 3808 6923 5687 7675 5438 5028 4010 2098 9793 5312 7527
20 8509 3176 533 3879 8785 1768 833 8428 6047 9480 2148 6347 917 9352 8256 5736 5894 7991 6585 3994
20 2828 5089 5663 671 64 7066 1752 2621 8976 3473 4276 8280 5119 1268 4670 2391 1219 9147 8674 5682
20 8587 8548 4826 2997 6346 7555 2846 1255 112 5309 7418 7032 3059 7970 7963 3835 944 9307 8396 1887
21 9733 4910 4863 5352 4017 8485 1193 4821 8974 2956 1827 6471 5333 5206 3243 1764 7268 9960 3911 8517 6467
21 1332 8203 6922 1910 2802 3675 3673 1368 357 4549 4694 487 347 4783 5740 2349 8398 6979 2457 1226 4241
20 6965 2511 9680 507 3970 4278 9482 4690 1395 8593 1604 8432 6370 4999 4926 644 7917 2253 6433 343
20 1227 2230 3050 1106 2745 934 1364 3924 6982 9428 3660 6675 6869 2763 6508 6448 8235 1095 679 2032
20 6044 530 2497 7208 6989 7812 4564 2835 6423 809 9629 703 7868 7304 8706 8684 2219 5431 6853 2770
20 6694 7406 7323 3038 7263 6593 9089 6722 2205 5986 201 6628 3344 7979 3653 8092 6335 3641 3965 9517
21 6656 5006 3605 4029 6213 4776 2206 3269 6378 8601 3484 4039 5288 3467 2120 5791 9660 7310 3335 327 7404
20 3697 7585 3475 1685 3949 9028 9328 5305 3847 4912 7179 1370 9807 8570 2775 5676 341 7281 1230 2055
20 19 4194 8133 7174 8324 6946 281 7754 4518 4136 4739 94 7942 2469 5229 5814 7478 257 1614 9131
20 8564 513 2856 9610 6719 3099 7045 8807 4682 9384 5157 8844 3385 404 725 8685 3140 9014 6073 9354
20 5222 8574 8554 2999 8378 7515 6915 4394 3470 9183 9086 1167 2616 1712 6408 9887 2946 2821 1951 6288
21 1794 7319 5920 5621 2473 5861 6218 7341 9779 4388 3142 5490 3630 5916 4229 1390 8753 9169 4364 590 2627
20 6269 5369 7867 4318 5713 4969 6885 4248 6234 2443 6539 8889 4889 571 4427 5075 8507 4697 9940 1542
21 2603 2742 9951 6985 7730 2035 5709 4453 3907 2244 7417 7400 9096 8634 2855 7359 7437 5659 6035 7235 8069
20 8787 2957 7102 9538 8695 8800 3874 7866 1337 1073 6803 1265 9961 625 573 9521 4956 9120 1435 3975
21 7140 3865 6749 330 1369 353 2397 1656 6353 8997 3567 1650 2868 8315 7827 1156 8205 4126 3853 6819 5859
21 1883 8447 4016 4035 6422 949 6925 9574 5582 4985 9239 4478 827 8287 4707 2266 1086 4977 3665 7731 2499
20 4536 8462 6316 3116 2404 2290 4211 3556 2268 7743 8920 7897 5807 5643 3240 1954 7669 6249 9317 3286
20 7709 206 8766 9819 8523 3952 3394 2229 8775 4746 184 1618 7168 4216 1798 6011 9690 7026 9589 8178
21 7064 1121 417 9179 1239 5009 7145 4499 918 4237 3300 6802 5706 9041 5056 9898 911 5551 4442 7688 8430
21 1879 4794 2992 100 2187 8644 6103 8547 736 1314 6948 5106 9323 4271 9443 1848 2886 1479 5455 5273 1035
20 8783 6296 5888 6182 2076 5899 5534 4221 1402 7790 619 1224 2699 8558 7159 4199 648 9697 8226 3929
21 1447 697 6710 3789 5838 4441 6677 3750 3428 8656 9335 5007 2303 8744 5142 9203 7885 108 82 3229 9329
20 6189 4112 3938 6034 5837 969 6345 1907 6772 8242 2560 1187 2489 4737 3427 5096 8130 9787 2090 7533
21 4873 4109 7737 9681 9265 485 7843 3436 5172 6556 1989 9488 878 7089 915 2529 7052 5978 762 7476 4538
21 3546 5890 6842 3453 6313 461 4787 779 6728 239 3010 5882 8002 5826 6640 3162 1149 8893 3687 3959 7937
20 2424 6164 6409 6119 560 106 9268 202 2501 4429 2279 7272 505 9115 413 6411 7343 6635 6364 9227
20 9820 6206 7085 2180 2852 1700 3466 3963 5005 153 701 9958 954 2575 7980 9007 5942 8091 1909 7641
20 3008 6307 3554 6357 6009 4089 9881 6857 4009 1047 7098 7661 9802 5275 3803 8046 7269 706 8327 7766
20 5227 608 8803 6026 9645 1458 6178 6619 2859 8264 3359 2590 3587 5528 2849 804 2064 3327 6212 9990
21 9166 9813 3921 3057 4034 8542 4449 9038 4688 7552 9828 5607 339 4239 8577 1549 1636 8452 4185 6603 5653
20 7455 200 6425 3051 3117 3155 8952 4675 7021 7353 5984 2646 3927 9582 4095 5066 2879 9129 6266 1003
21 3049 4164 3375 7494 1474 7715 1504 9240 5143 22 7820 1606 7517 1440 9841 7469 2629 3224 5436 2964 6124
20 7810 6875 9562 6638 5088 1160 6379 8027 2633 2396 3628 8161 8461 1811 5974 2503 2361 4203 3571 4803
20 5971 6155 2881 8112 4862 7604 3505 484 4608 9366 4280 5448 160 721 4313 6417 2877 3378 8939 5631
20 6139 1588 448 3537 4099 7629 5700 8911 3201 473 2903 1477 4118 7199 4922 9759 3644 8082 8980 4725
20 8878 2425 9512 8597 9357 352 6566 3454 1468 9877 7800 3881 5194 1760 1026 5932 8925 2152 78 224
20 7186 4661 1503 4372 7171 4247 1531 7755 9941 2756 6590 6077 7545 5038 4422 8579 5024 7166 4 831
20 6502 7224 6021 5291 3418 6094 8159 2089 4279 4368 9510 5789 888 5873 7776 7452 2671 316 2289 8527
20 7435 5517 5712 9527 7043 254 3584 2309 9043 7505 6777 8896 8052 7264 5609 2798 4401 8647 8078 3857
20 6485 5049 5686 2323 6089 4031 2048 4472 9758 4459 8738 9969 2222 2824 2188 1336 4077 7951 3838 5198
20 3333 8370 8219 1102 8665 369 2989 5208 9421 515 4619 2873 5993 346 8818 5869 6368 6631 6258 1805
21 8086 6004 5892 753 3290 105 9082 9157 5023 6778 9930 4026 2493 3642 6022 5549 4363 4905 7537 8453 247
20 9913 3602 2181 5628 5193 9074 4734 1756 537 8992 4684 162 1704 2995 5624 2911 4570 7896 6405 8726
20 5343 3989 6413 2060 9158 3901 8864 1448 5122 9250 9870 2102 5930 3183 5691 99 4226 56 7289 7393
20 1407 277 9586 4940 1745 8782 3799 8627 282 6996 7354 6525 2378 7780 6890 145 9773 4540 5361 5125
21 8932 4635 7172 1913 5241 5526 1930 6684 2935 1753 8381 4732 3018 7596 6419 6468 9067 756 3728 6748 8921
20 8758 4867 4003 1733 921 40 8444 7566 9955 1283 2311 8776 1971 1274 6826 2450 8162 4927 818 5538
20 6607 4184 4410 4652 5830 711 8746 5527 3999 1649 8689 3332 1769 3953 6194 7740 8867 1795 8633 1341
20 2324 9556 1580 5069 7745 6657 8987 2534 7645 1953 5396 363 4945 5331 8714 6688 2252 9446 1602 5398
20 8484 2523 5620 7246 9742 3896 5101 1715 5715 495 4681 9389 3151 9356 8479 2726 5846 2277 8959 2659
20 1269 1697 9549 5601 5170 9641 890 5039 1308 5420 8567 7012 3517 5418 5378 2490 6334 3987 6492 3402
20 1838 965 601 1884 1494 9505 865 4426 1747 7018 6020 983 2257 7895 5800 9891 1728 4731 9614 3589
20 5245 9469 6058 2464 3513 6659 9823 5041 7651 4620 7551 2965 5496 8466 9590 7739 5922 9936 4040 9827
20 9405 8073 7000 2000 3364 8257 4767 5411 3449 4092 7853 6001 8852 2820 8611 5657 7241 9646 4962 6919
21 6529 6239 6742 6196 993 2515 3498 8904 6953 6442 6142 7095 8135 6668 5912 5450 6285 2908 3518 4348 5841
21 5727 6192 4088 8854 1181 9952 3085 8366 1071 4251 9661 7958 1446 4448 5884 4447 8598 1278 4295 5508 3313
21 1414 9012 3058 6526 4400 8631 3469 9299 5083 6396 1770 2980 7254 1574 3558 3698 9971 6959 9811 3664 1558
20 658 4196 3565 1693 9466 3981 2374 5473 518 2978 7839 3076 1434 9310 7431 6401 7530 1014 5057 9860
21 9046 9282 9575 3054 2578 9388 8691 4654 4060 6897 2197 2584 8354 3563 2083 3683 8352 8282 2138 7450 6349
21 4948 3786 7683 378 9846 6331 3425 9219 6861 9460 1463 5741 6315 1174 1070 1158 7869 9792 5058 3586 8556
20 1637 9495 6245 3119 2673 4328 5998 2373 3251 2039 8931 185 9201 6928 312 5410 1726 4197 6481 994
20 5218 7975 2245 2754 9199 659 3710 1871 4582 3052 3982 7047 9059 7244 6472 3254 5435 6546 828 2845
20 3249 6053 951 9130 8737 9566 5933 7898 9213 7321 3813 9386 1405 9399 5030 3837 7611 9749 4057 2516
20 1170 8274 1500 5428 1256 4347 4689 9800 9879 171 5367 2500 6497 9415 4574 9309 6941 4752 4678 998
20 3245 8832 1386 6601 4063 715 1292 6775 5191 8817 5019 8221 9170 848 5493 8663 8369 1894 7772 144
20 7088 7927 5477 5650 1182 9496 7167 9056 3 2340 3413 9293 3526 8839 2929 4633 6844 9198 3860 3279
20 7687 9627 6352 2741 1453 3258 7894 9221 7237 8933 5052 1373 5947 8365 1793 8223 927 1148 2608 5415
20 3276 5205 9353 3732 7118 1943 9106 5026 5259 3078 6874 2733 2028 1661 9206 8100 3983 3238 8083 9532
20 3918 5554 6856 2470 2386 4105 2184 7006 2153 7860 6318 305 3365 2427 1708 5207 1938 9747 4506 488
20 1784 6756 933 6584 1738 3465 9667 3328 9767 8628 5166 2420 9982 7029 3876 299 8572 5581 8463 4750
20 6662 2455 782 3502 1511 7081 6800 8688 4692 1357 213 6126 6651 5297 6516 7696 8174 5737 7943 8710
21 8489 9965 4376 9118 930 7274 8871 8293 6447 8250 7619 1749 1155 6145 8011 2878 850 2196 8411 5461 3643
20 2738 8978 7557 4007 7746 7513 4159 6203 5004 7939 1976 9060 3662 9791 1607 79 8183 383 9560 1359
21 567 3773 57 3366 4300 8486 2407 5210 9498 1235 6030 2030 2471 6835 8208 9692 1669 7748 7042 4091 5501
20 8189 5214 3885 572 7595 8018 342 2034 7132 4198 2834 735 5110 9904 5145 6535 9124 2224 8008 1699
21 696 4665 5240 5453 380 118 1188 4087 5911 2762 6977 6847 6464 1205 8269 9772 9390 9552 1093 9097 9472
