30 6599 9058 4801 8657 6778 7699 571 5714 3348 1194 6160 3105 6707 2382 7620 1838 1457 8999 5688 2988 9237 3564 8719 7987 9523 9805 4380 5591 277 7917
30 45 9191 1717 8961 2954 3099 5456 6123 2642 107 6236 7304 1526 4582 5894 8842 7265 2278 6009 9070 8419 3217 1513 2579 8742 3045 7738 8792 6955 9969
31 8033 8141 6340 724 6785 4091 2252 8471 1612 630 2021 356 168 3494 3453 3246 4829 5270 7499 4482 3222 5605 5321 6116 7073 8802 6818 205 371 1235 5255
30 6440 333 102 4349 8934 9304 3811 3716 6304 4621 4724 8483 7473 9247 4547 8426 1358 5971 3576 5098 268 7959 7198 5025 372 9065 7152 2904 2594 4690
30 6428 719 962 2086 2855 667 229 8421 9955 3182 6535 7330 9090 9964 1097 5015 5732 9050 2292 7410 5572 4876 162 8202 2285 4367 6506 368 3403 7559
30 9475 9145 4935 8568 9756 850 9139 8681 7538 9133 5769 9376 9839 778 2033 4617 245 9852 1403 5131 3245 7372 4536 9652 6659 2214 12 3589 1551 9418
31 2603 4523 8551 405 4660 2573 8540 8277 4942 1322 8389 7045 7484 3606 2780 5367 3441 9877 193 4191 6678 97 9341 155 3133 3224 7457 4702 5609 9188 2494
31 156 9392 5552 2583 8977 5461 3455 1740 8831 6409 8642 8689 7122 1585 3926 8015 48 9598 2972 9624 6853 763 727 142 1318 5337 2211 4872 2814 7555 4087
30 9738 9832 7609 6610 5462 6973 2201 7952 1004 5223 7078 7709 546 6552 3095 2632 2882 3343 3805 6476 7373 6034 8467 5217 2434 7332 2706 6776 9555 2681
30 4467 586 2156 7793 1205 9884 4573 343 7513 5760 4229 1360 7345 4667 3368 7130 9196 5643 4704 599 6949 2880 7182 3712 2063 4688 5526 1678 4063 6906
29 2822 9111 8504 9470 9224 9754 5318 4975 4672 3156 3989 8369 310 2463 2967 2237 7196 7437 7079 3142 3809 8209 8853 8192 1449 9244 5618 3530 3436
30 3039 2851 9764 5973 3987 4050 8663 2018 7296 1354 6515 6820 9821 331 9279 7493 1819 2432 7217 8156 1075 707 2377 3483 3081 77 6573 5736 9873 2288
30 8103 9351 7995 5967 502 1422 7845 8368 6686 22 925 3336 2808 2389 6601 5135 7491 2283 5958 595 2402 9566 1200 9399 3154 7618 6059 6074 9100 3504
29 2584 681 9246 7569 8566 8613 919 5052 6522 7111 1883 9067 6997 9228 4180 3983 3672 5239 3184 8198 8457 4528 8474 932 8542 5275 6762 824 6625
29 7318 7584 2607 1491 3914 9076 5654 1203 5506 6328 7661 8330 7213 8661 6457 512 9292 2568 2173 6734 9125 8354 1658 826 6688 6929 6184 2585 8805
30 5876 2849 6330 2795 5476 7890 629 6731 1865 8235 1132 5070 4990 5488 6486 580 9430 418 887 905 3666 8380 7092 9789 2454 7604 1428 5432 1665 2507
29 2995 6130 4949 6265 5115 1080 1961 899 8620 743 9737 1688 7935 8855 6182 8489 5775 2364 7585 2344 7634 4234 1232 1005 6838 9710 4698 2829 8307
29 2150 6885 1030 5069 7864 7151 706 6519 9795 5878 2071 7816 2935 2316 198 2464 6226 9169 2307 5708 4928 9493 6101 6273 3369 8100 2716 3633 9204
30 9822 6424 1130 2152 7894 7650 4983 3917 5376 9289 110 3110 6434 5200 1621 4277 2888 2245 6487 3773 6870 7034 4569 1633 1834 1361 3931 2957 7774 1648
29 2446 8946 7639 5555 1860 1421 9907 7149 2908 3429 3785 7209 9029 2495 6735 522 6439 8401 1973 6527 8703 6608 6733 5981 6086 9285 1015 8774 8964
30 7138 6808 1942 416 9352 434 9963 6826 80 437 4559 2629 7267 5847 4090 4637 2187 8497 17 8113 4711 9574 7017 3947 6053 8637 2329 4422 6598 960
30 2635 9159 688 3775 3339 1614 1855 1441 91 9725 5802 1096 9127 2076 986 7298 3753 5378 5487 2899 1591 853 4675 1989 1112 1470 6503 1295 3540 4915
29 187 2600 994 915 1100 8074 8575 6341 5587 420 9317 5175 7188 2818 1721 9299 3458 6403 440 7333 6529 7302 6801 5380 4360 4479 9767 9403 9770
29 1959 7653 7566 3471 69 6283 6292 1854 9107 9954 4958 3986 6460 1176 2534 5727 7378 4244 6249 5636 1561 2159 6848 3838 2095 1881 1255 946 1363
30 6056 8725 2713 3656 4099 8273 2236 7375 2608 1944 9949 6708 161 1292 2314 7623 8475 2757 7676 7848 9597 5625 346 4403 4733 8043 6358 3758 3472 7688
30 2734 5371 8730 4765 2916 4777 2401 3033 2774 1730 9178 4140 2178 4147 9010 6398 86 8667 2910 2726 5099 1355 1162 9514 5515 1543 3173 1928 6017 7649
29 6198 306 3704 4170 8003 4529 9097 1487 4642 4003 1792 4178 5083 239 2984 8901 4109 8139 9534 5977 9711 3115 9879 2025 8058 2703 4237 6240 7641
29 9670 7277 1512 3460 2244 4910 6125 6727 4809 6186 1676 7727 5291 8035 3393 153 1598 2419 6760 8379 5111 2461 3165 2282 2398 6169 4827 7537 1397
29 6261 3387 1846 7475 2169 5181 6794 6616 8463 9149 5384 3863 4515 858 1498 8787 7200 4893 4706 3255 9226 7954 7933 7998 3237 3041 4548 6650 7652
30 2921 4768 7545 8415 7244 780 2873 2298 5875 8641 9126 3364 5404 8989 6406 4157 4335 8534 1581 8444 3915 458 5715 3542 9277 3988 8484 1027 5473 2451
29 2870 577 9688 6595 3476 6237 1923 3019 9648 3654 4785 715 741 5332 5450 9359 6930 6850 3594 8230 9000 2347 543 2302 8567 6153 2123 825 1298
30 9151 3249 8121 6294 3682 1250 7679 9467 2536 2289 8289 2931 8191 1244 8334 6502 254 5040 180 2602 6896 1357 1953 1900 3459 9705 5161 4540 5690 9600
30 4891 3883 8896 7695 9804 82 5542 9121 5457 2937 4997 1419 3490 2900 7509 7099 1114 6807 3046 5927 9396 8612 9062 1912 4783 1209 439 5054 5361 6216
29 8598 295 1125 8073 130 3291 2677 2838 2853 1098 5490 1647 8813 1962 729 4776 6119 1495 2319 7083 6937 1663 7658 4270 4571 127 1607 6587 4275
30 5260 4141 3179 1186 2042 2906 5896 1521 1932 252 400 9500 6999 2520 1829 2546 5758 7155 9653 7127 8822 8664 9472 607 9020 3717 9987 6498 9481 7364
29 327 9340 5336 3383 8890 627 908 8798 9461 5510 3166 868 1524 924 2413 2837 4727 7248 6110 4441 9271 7266 8449 3478 5402 3993 2789 7806 6441
29 3183 1808 5097 5213 5128 2051 6485 473 5556 3912 4542 5578 4873 1126 9367 9935 6851 5174 4752 4879 3900 797 9176 6289 2618 8376 3349 5915 447
29 2223 3875 3632 5934 6092 9033 3610 6634 9975 793 5407 9815 7873 4825 6272 6414 6545 5531 6712 8056 176 1949 506 4012 4369 2537 852 1484 1868
29 2368 6229 2090 6857 8052 462 9462 4703 6744 8316 3908 4728 7785 2390 9672 6100 6565 5287 8491 9016 1334 2621 298 632 3943 3406 5374 2901 4964
29 3636 7427 1035 3501 961 7528 768 4231 6419 9798 3398 6586 5249 9280 6345 8135 1840 7829 8269 9911 8570 8357 3023 9221 1279 4580 6821 4685 4171
29 835 4065 1359 5966 2963 2555 2101 8494 9939 7931 525 8623 7432 5080 922 8422 5505 9077 840 8800 8452 6662 2503 1869 3614 2514 7817 9995 8385
29 6096 3145 6980 9568 3462 2343 5307 9585 4315 194 5068 4544 6976 8352 4417 6338 3129 6628 8495 6682 3097 1362 1129 7354 9759 5559 7319 9847 582
29 3660 602 3496 1816 6889 5005 397 4673 3803 5146 7419 648 6145 9278 3377 6448 4737 4406 1710 6685 4269 7736 6355 9813 8522 6932 5712 3857 9958
29 7849 4052 3452 8017 3350 2085 7381 2868 3480 9499 4272 7802 2124 7312 2817 984 9119 3359 7040 3690 3768 4024 2374 2376 8810 2088 3474 3829 4678
29 9053 7828 5939 2836 8949 2752 9773 4486 8577 6750 7651 4064 7059 6352 8255 1063 6530 5567 2488 4786 3395 5004 5785 661 4646 453 9748 4254 9932
29 2717 1641 626 4481 4824 9816 2279 5125 2435 9436 6412 4504 911 6010 58 2077 2951 5884 3276 3089 4939 5145 8451 3438 2269 4619 8585 1653 7887
29 6430 3236 1038 336 8624 3898 9165 1243 7392 5822 7876 3825 1172 6719 6044 5346 7795 1346 4305 1006 6373 6805 7902 8045 6201 4682 7966 4956 6804
29 2234 8090 4236 34 5310 5117 408 9223 1302 5278 4638 8089 8350 1490 6544 8882 2219 9525 248 1582 1476 9744 6771 4907 892 5032 5280 503 85
29 3187 4469 8523 7638 9079 6000 791 2096 7768 6300 6824 7091 4869 1044 8925 8329 981 3971 8396 5463 8580 7434 8065 2483 9878 1798 7789 5513 7272
29 1566 9742 7343 5898 7161 8237 7488 3335 3243 5434 6069 3058 292 6941 8807 9252 8529 613 4498 8869 2641 8382 5221 8084 2478 2776 4890 5851 2994
29 3448 1187 1060 276 6620 1715 7637 3297 3427 4370 1680 4732 7370 6187 1494 8597 4538 8720 8367 2192 8301 5328 3977 1878 8736 3355 7764 283 2436
29 9106 8724 1893 89 3746 7383 6280 3272 6919 7038 257 7032 2699 855 3220 1068 9630 381 4261 19 5676 2102 9374 7074 262 2779 4592 1875 900
30 5266 7418 8669 5492 7552 6790 684 1674 9943 9781 597 5906 4021 9179 406 6418 3978 8210 7189 9758 8397 5203 8408 4336 3687 547 1615 3868 8314 3708
29 5959 3153 3482 1192 6925 5086 7016 9315 8506 1555 5474 5501 4914 5438 8436 5804 4328 4310 4868 4987 3357 1475 2588 1277 1287 6041 637 9782 8618
29 6570 8595 839 5345 3866 5724 5706 3090 7927 1477 8122 7811 2122 1003 7663 7276 5409 1886 2806 326 3967 3749 3591 7619 5819 7413 3057 3381 9343
28 6933 8502 7235 5794 3582 4165 4096 4350 8460 3234 8358 7400 7429 7388 5075 8942 8599 9262 9867 7241 1463 6089 2865 3219 3649 5926 6371 3080
29 5455 3256 6931 8781 4436 5448 7185 7988 380 9231 4520 4519 6310 428 3054 9666 112 4103 3728 9614 2787 242 9377 464 2844 9080 8298 6843 7527
28 2922 1817 8432 6482 3612 4227 7087 5157 2194 1081 9375 7939 3435 2354 5581 5577 4240 4738 7447 8795 9102 3200 7512 5677 2093 4695 9152 4875
29 3353 4661 4066 281 9592 4144 7286 8442 3904 4247 4095 7352 9057 2790 1873 6175 1383 1376 7476 6777 4982 7311 2199 9881 6745 41 2915 2879 4329
29 9581 8644 4060 6046 2756 5713 4788 6244 5163 4325 7743 2100 2897 8512 2730 6433 5924 2484 5651 8303 4781 8676 6548 2294 3661 7100 4793 7978 5211
29 4172 3240 5041 5965 6756 1016 8711 8791 8848 6523 7847 6862 5834 1870 3034 7184 2593 8034 9162 246 1722 8275 7461 1790 7746 8953 6332 8879 6246
29 3190 2830 4794 8503 1964 1239 62 4015 8828 7046 7610 5064 9116 6646 1771 9588 6432 6768 5123 591 7547 3787 1982 8632 8203 7280 2959 6960 7886
28 7678 5673 7708 1779 3295 4933 7022 7028 5253 3532 7761 2891 7877 189 5230 3137 1047 3085 9726 148 3189 146 7498 1930 1981 4197 6189 4605
28 1134 5325 1365 2482 2048 7723 610 7872 5439 7745 8602 822 2276 3317 8601 4424 5394 1645 3776 6270 1077 1859 3995 714 9788 8916 4832 3870
29 7320 8607 9942 5237 7279 7144 4093 8679 3037 3784 5238 5420 4379 6829 382 3525 7622 3960 7285 772 7874 6886 2619 5039 9082 2571 9003 6639 7540
28 8450 6021 8678 6864 8261 979 393 2334 7660 3212 1986 7928 3127 6174 7035 3616 8614 8116 8984 4330 9357 8157 9348 3111 730 617 2349 7471
29 691 7382 1956 6250 2396 7147 3847 1245 4465 1120 373 353 5352 3449 7948 9616 9757 4509 8866 7283 3052 3270 9225 5657 3800 9001 9991 2456 9941
28 3831 4107 8386 2715 9735 5949 1300 5170 4758 1083 7942 1799 403 1261 1853 5268 2692 650 1291 5362 136 4729 8647 5560 9143 7214 8092 5561
28 8854 3104 5889 1862 7295 2036 971 2744 5312 4446 995 4290 6178 6721 3063 2125 9409 226 8199 5179 3966 29 7480 2953 7791 166 8619 6121
28 9180 5955 5245 7982 3150 5945 147 4358 7405 5071 3379 1182 1303 4423 4851 7515 6302 4865 4023 9199 6913 1646 6909 1580 7617 9423 7424 8096
28 5482 9054 1040 9732 2860 5082 4730 5303 9990 3086 3742 5533 2262 9414 2424 6166 2798 4648 7943 4670 5623 6592 6602 3948 5110 9765 2969 7187
28 1999 5801 2330 736 4607 9629 6710 8328 177 2132 8917 1908 116 6684 7586 9673 7514 7823 7433 7550 2366 9259 6560 3998 8117 7726 5257 8753
28 2758 3384 7015 874 5298 2126 8375 6309 7163 8123 360 6224 510 6915 2010 4883 645 2975 4451 4899 9834 6455 1857 8955 2505 9463 8548 1993
29 5254 2698 1842 2399 676 605 5351 9183 4025 8040 9720 7076 3798 7612 57 7763 2485 1780 6827 1394 151 8951 1669 442 9134 4518 4135 2719 6207
28 3117 3720 5197 3698 1505 4408 7870 8532 3770 6329 5509 7525 2852 7104 8140 9122 2111 538 2473 657 9519 8411 8985 9032 4973 9293 282 1793
28 7833 5326 3937 7752 9123 3733 5348 5759 3185 4577 886 1215 9655 6508 9177 6841 4492 6965 9611 6285 9298 2190 8622 640 1762 3668 3826 2783
28 8544 9440 3972 350 7986 158 8178 4478 980 1971 3608 1630 5913 6129 9381 6220 9560 985 7064 1101 4709 8738 699 1479 3196 5276 6524 5418
28 2098 6543 8870 429 2965 5436 2920 150 1895 6344 1622 7377 5428 1761 8254 8688 4438 9551 9530 1180 5743 3861 942 1957 5809 6029 2215 4977
28 2772 9446 551 6871 6284 4001 7361 7751 2233 5100 7503 5699 3284 7005 8621 7385 8226 444 8608 260 7085 8888 7490 818 6921 3816 6149 2217
28 5588 9740 6600 1976 7976 4718 3242 0 3711 8476 6989 9703 8605 3065 3271 8168 56 9174 7573 3600 8059 9603 9950 8555 9148 8596 3901 5392
28 7136 4494 8740 2858 1152 9719 3091 4566 4044 1032 878 3817 3635 9694 3514 1713 2445 2227 3433 4725 8091 6903 695 1951 5196 5918 2099 1778
29 2440 7613 6245 3659 2253 6255 1131 8897 926 431 8794 1002 6085 6114 3894 4488 9734 6946 705 1757 9319 9369 1297 7717 2866 8776 7965 4037 3399
29 8172 8561 6347 1140 9130 9484 232 3997 8517 848 4241 3286 1319 3879 2617 4148 2821 7353 2246 6035 8212 1072 4848 5728 8219 5650 8270 2267 63
28 3491 2765 1712 3903 5171 6242 2301 5742 5757 4363 6138 1023 6213 680 5072 5565 7221 4035 4763 2449 7669 7389 6799 5359 9900 2189 9018 2611
28 389 8246 2554 4802 5910 6481 8320 1368 425 9203 5781 545 2878 9844 7831 6998 2653 6288 8300 5641 4920 4173 4319 3527 7858 467 3872 8816
28 8858 4574 4807 6168 3331 4677 4313 5010 4938 6097 2547 5818 7989 6253 6426 1122 6953 2087 2592 7067 129 5250 8433 6022 1227 2544 2431 3642
28 1826 7186 8399 6155 7416 3238 8500 2136 1810 7784 2522 3955 4179 4045 585 9617 222 4609 2596 2127 6070 217 8088 4905 9912 3985 4526 9558
28 1785 4634 5209 3044 2430 8966 3225 4692 8322 1693 1226 3434 4295 8038 4761 5956 9513 3824 6505 272 7269 2089 2729 692 6654 5543 7294 2623
28 4611 4759 3534 7331 3620 6322 2439 8022 4083 1118 7536 3631 5024 8066 947 6611 7912 3885 7624 5087 9265 4462 752 6907 6867 9774 6737 6135
29 1141 3827 330 1410 1608 1588 216 6212 7916 7812 8213 8347 2998 9118 5067 3897 1169 5389 6964 6333 7904 2421 6911 2962 4459 1333 6397 1697 2406
29 7851 6668 9743 288 5968 6868 6105 3625 9338 6860 3791 4383 115 5761 7844 802 7626 2321 244 3342 7920 5452 9004 4061 4517 7804 1106 9255 5666
29 9049 7735 314 5545 3126 8714 1677 4969 7592 5700 1011 1723 9216 6137 1905 9668 6170 7292 524 1084 8704 2438 4624 754 181 5586 9971 3059 9895
28 6507 2198 687 3598 779 5705 590 8920 2525 8025 2725 7983 8591 6060 7012 7681 3740 4534 2639 8856 9775 1019 4155 4664 8782 5678 2925 2791
28 8220 1143 8227 5127 1737 9678 930 3651 9451 6472 991 1069 9222 6471 639 8190 830 1623 3945 9965 786 4912 4790 399 3710 24 4923 233
29 2805 5535 1531 3694 4249 3347 5188 7840 2179 734 8309 1158 1163 2465 125 2970 9810 5056 912 631 3792 1388 6694 8323 889 1943 4699 5002 7260
29 5604 1925 227 9042 1554 5144 2622 1917 2403 6277 7036 7423 123 909 4199 367 4033 5825 2271 9516 7548 4971 2597 5702 2311 587 4791 6480 4361
29 1769 1466 9136 2418 5895 9640 2569 4298 5302 8004 6188 4782 4892 225 32 6846 2034 4054 801 7963 2733 8173 8252 7520 121 172 6442 1946 5987
28 4967 7297 457 2305 8530 7436 9803 2738 5168 8477 4201 2948 3456 1879 1530 6438 5248 6387 8973 9746 5663 6840 3688 8032 2627 390 7934 2565
28 4114 1539 552 3781 9751 1575 9665 8478 5570 7097 7336 8815 2877 782 4120 9325 7737 9567 4595 7506 6071 7665 195 4450 749 1071 2556 3107
29 5919 9321 9031 4088 6493 663 4053 606 9583 7993 2595 6033 5694 3241 673 5718 9483 904 842 4133 4554 6642 6636 2072 4287 2170 3072 6038 411
28 6613 2550 2365 7969 4186 6211 6551 435 7755 5879 6225 997 5118 2165 2342 9570 4555 247 9749 1296 7293 6420 735 218 6181 2487 8240 98
29 4119 5383 7115 5815 2815 7773 2609 3513 5296 9733 3313 2052 5661 249 5504 4365 2658 1763 3378 4649 9656 8229 7600 1686 4615 6988 8037 5681 592
28 7674 773 5903 8120 1890 4082 4795 4273 3882 3069 2735 7531 8665 603 1461 6048 5541 3325 4719 7640 6834 8531 8169 5764 8979 5849 6947 9799
28 8424 6897 7397 2459 5999 7430 8970 9753 5159 7835 5311 6582 609 2056 475 5737 7236 1732 3549 7160 6047 1331 4979 1682 5907 3083 6969 4594
28 7080 1492 1556 7648 1053 6912 6007 7541 5084 1248 7522 7282 1144 3585 4276 2979 4610 481 9518 4491 9245 712 8308 9170 6360 451 8514 9982
28 9168 3025 4238 9930 5400 6444 2801 2129 800 4831 4163 7906 8769 9434 1482 2225 1057 4043 9626 8403 945 315 5140 983 8749 6311 2670 3334
28 2586 3492 9075 6117 7867 8072 4694 3858 9851 1020 1092 3553 8538 4218 3026 5978 2697 9528 6054 165 410 3626 9819 9253 8081 2441 1533 8887
29 3425 9561 6888 3005 4386 4181 9356 7369 4193 1301 3546 8967 9618 6484 1726 3067 2290 5692 508 3761 3658 9496 3996 3208 4995 2907 4775 7568 6575
28 9888 90 528 7449 2535 9590 2375 2794 1767 9254 6171 2188 9300 4925 7587 758 9419 755 7964 3000 4308 2529 2694 1728 6783 624 8360 5486
28 1579 816 5653 2228 6177 4628 9961 7960 3724 5142 9917 2120 237 2576 8762 4340 6396 9998 1823 2871 139 3070 4999 1281 1115 3226 1522 1637
28 7643 862 7871 8778 5226 6822 5619 6817 4194 6847 8215 4136 1948 9824 5202 6786 2564 5773 6789 6803 4932 7567 7666 737 641 6161 4708 6511
29 4960 929 9336 1909 432 3411 4309 6902 1836 3388 4124 1045 7838 4601 6757 998 633 7273 8233 8208 6297 7657 4296 2751 717 8750 4643 6656 5193
28 7782 9215 1312 7694 6509 4784 4252 6267 9437 6584 9973 1548 3290 2019 6026 270 1391 5493 7879 9807 1026 9206 2856 6619 6709 3583 1184 7854
28 493 4922 656 5751 5598 9027 9407 6393 4017 5133 2867 8976 9158 2657 7167 6594 4570 5340 72 8524 1534 5243 9335 3727 9642 5844 9296 9527
28 2209 9887 1805 1275 4710 3122 4323 2409 9808 1039 972 8437 1459 7973 1142 4113 297 1502 1058 6004 5143 1481 9661 787 7166 2067 5877 8909
28 934 3210 5721 3201 421 5990 2391 2950 8528 472 7950 8222 5162 861 5752 9400 6617 1231 6087 2688 8030 5358 8940 4531 2749 7729 7399 1596
28 175 7179 9361 3560 1429 1430 675 7393 6163 7401 8318 2647 4430 5073 6450 4080 6079 4010 1743 3012 890 9605 5286 8779 1393 3421 836 6164
28 6423 9038 2442 8885 2239 1969 2918 7227 3715 3487 3228 2548 7949 9185 1719 3301 6334 4070 4618 2750 2486 8126 5120 3842 6308 8959 7885 5638
28 6812 8128 8903 5997 6410 289 1542 117 5969 2552 8067 9664 9370 3382 1504 9794 2110 744 9920 7797 5684 7339 1546 6713 806 1550 3918 5065
28 7914 9213 9747 4006 7232 2218 5857 3170 5911 135 532 6454 709 4098 9390 6644 7834 1578 5853 3964 2002 8287 3163 5294 9947 8986 5953 1635
28 9141 7006 3630 2940 404 7980 7327 7880 4640 363 7243 644 7056 2500 559 2581 5880 2492 6839 5338 6194 5437 7486 1786 7106 5948 8268 9154
28 5634 4303 1704 3919 2353 1217 4722 4550 8274 1671 6914 5998 2842 6945 7893 8860 5295 8900 4853 3017 7274 4651 8836 1237 843 9869 6974 6632
28 5832 8472 2874 4535 4195 8046 4069 6361 7693 4929 5647 6449 2121 2903 4317 8373 386 1931 875 9137 1814 6517 1841 4105 4811 145 4866 2480
28 8097 436 188 7253 5658 6966 8564 2232 4145 4691 8260 1402 8435 7290 7882 6111 7889 5393 1619 3365 9132 2117 5445 5629 9679 7900 2781 2678
29 3423 1831 9635 8118 5612 7790 8526 7866 8812 9153 6697 6354 5830 5306 5972 4839 7803 5331 4924 4159 1945 1687 3498 2328 2422 1263 1323 7655 6614
28 6950 2766 9202 4717 4622 5797 7299 1258 9994 8655 8677 5701 92 2645 8490 8295 3204 5640 5431 658 2773 5088 8393 4042 573 2516 7362 8465
29 3922 159 5564 9632 3177 2775 3114 3587 9425 9870 2230 1000 5292 9287 9411 3963 1606 5614 3371 5139 2081 8430 9569 6769 9962 6012 5970 1315 3810
28 1587 1415 910 1520 6113 9549 8933 4356 4521 1545 2373 6693 2859 1406 3461 9312 8028 4654 1624 6894 3924 1018 9905 1714 2275 3345 6217 1185
29 13 1387 4773 4909 3707 8108 1198 5580 311 2175 2558 6574 6456 3686 9 7238 9098 3376 9156 2362 4731 3413 4121 7019 4961 240 4674 4235 1508
28 4804 4447 256 7516 1600 2024 7464 2433 6473 2955 9760 6954 5417 1352 1409 7558 2216 2886 5103 4668 3206 5792 6103 7713 3959 8236 2530 7348
28 8078 9288 6959 4327 3907 4314 8727 7338 1028 7664 753 584 4132 1314 1137 733 3043 7143 2112 3029 6126 6926 5599 7154 9863 769 3106 7063
28 4904 27 5195 9019 7575 504 2782 9898 4341 5403 5036 2857 7237 7077 4471 8175 6884 8420 608 9269 3230 1570 4505 9865 9542 9723 3580 7215
28 9601 4662 7496 4896 6563 4817 6299 4089 9660 1242 7407 301 8231 7712 5716 2300 8867 4836 8643 3077 9639 2476 7139 1978 581 8416 1327 6537
28 9714 9718 1285 6936 3992 3118 8093 174 7202 9093 2943 5811 6780 7588 5191 131 1161 2133 7479 6383 9684 9486 8243 6324 4026 8105 4881 6055
28 3060 8183 1807 2971 5940 9241 4307 8553 2562 2009 3506 2610 1796 5048 7199 6453 263 3253 4826 7825 6081 4484 8965 1454 7810 2881 5021 1177
28 8849 9157 7402 6363 9899 6753 9229 3420 689 1692 4941 3563 6612 6291 30 3287 1858 2929 2022 8825 7193 6066 9903 856 8660 8891 2213 3748
28 3709 7606 6151 2472 2135 6016 7239 3558 4444 8593 1861 9704 6728 1188 2348 5746 52 7975 9875 9142 118 5518 7128 1378 5344 6266 1503 6301
29 3592 5388 8080 2469 5258 7715 8201 4251 8627 7955 6705 2502 109 7696 8148 8129 8319 1073 3569 935 6144 5339 1497 9022 8994 5593 3719 6390 8009
29 3766 2847 8850 8745 7519 8766 8012 8488 3341 974 3925 686 3795 4713 8341 96 9683 4162 3718 913 5892 7145 6489 88 4138 2308 7008 8387 470
28 1574 275 7529 7060 7116 515 6427 7561 2274 7462 6918 2826 2577 1936 693 3213 5755 8804 9846 7571 8071 1506 8302 5582 8409 321 5551 1651
28 3873 23 1021 3867 3323 5783 1414 7278 2039 6715 9173 8413 6082 918 3786 5982 335 9465 1426 8473 8280 8326 9301 4222 7386 2999 4516 3570
28 2139 5130 6640 4217 3702 9708 7910 6652 7869 6385 5983 5000 3849 6749 3920 4434 803 5617 535 5563 9313 9972 9201 2248 5231 1891 7903 3531
29 9014 2163 6687 9506 2145 4123 5166 8365 2679 2919 7409 1557 9007 5848 3942 6904 1887 2309 4475 7826 4007 757 3257 3352 1181 6377 8574 7747 3227
28 4466 8383 2069 7724 3367 1276 5201 2687 3500 2320 9110 359 6993 4511 5152 5477 9011 8196 1845 6957 2958 9479 9364 8112 8708 9347 8187 2936
28 4322 4805 8592 5387 1558 7176 1996 2266 3777 620 5192 6849 5063 1294 1636 5662 2231 5272 9473 6219 2196 2363 8902 1254 9099 7843 4339 7341
29 526 9727 8969 9891 3417 5229 8913 4734 1121 9634 4281 4565 6429 2551 6742 6539 8029 1450 7783 5929 5089 7301 3713 8533 5711 2911 3957 1099 1289
28 8044 9447 6093 477 2914 3755 1592 2331 2207 8206 5584 5791 5869 6399 6670 449 7500 2521 6307 3789 4744 2074 2884 2990 6203 9505 4963 3143
28 1711 8364 8166 598 8234 238 8285 9078 8840 1980 1708 5442 7300 8915 3888 1488 9021 2839 2662 3738 5888 4342 113 2261 891 1801 5365 9478
28 7245 7511 1330 8717 3764 2394 7201 8911 8783 5119 5592 3846 9490 628 7075 4207 1848 4404 7710 5858 5364 2162 3066 5173 6495 5960 6810 419
28 701 2297 2649 9128 5151 8418 7691 9880 3158 51 8245 2397 6206 9389 9024 4146 1537 5631 7762 2458 728 520 2824 2046 6704 9164 8402 496
29 8099 9248 5908 9606 5460 8954 4597 9172 3802 6711 2590 8943 2825 6951 3003 8926 6991 2407 8921 438 7535 3307 4409 7734 4297 5215 9573 2952 6148
28 3216 596 1924 3064 8936 9915 8609 2531 901 1797 5597 1166 8721 8185 2666 3657 6106 7813 2453 9432 4626 3739 3578 2065 5725 4274 2444 6179
28 3155 6319 7439 5632 9515 15 1095 93 9619 8723 3835 6191 3310 8775 4862 1866 2224 9471 6695 3485 8021 1155 6774 5521 1474 1446 4354 2007
28 8995 7175 3701 1051 9454 6657 7412 2674 5369 2654 7284 2643 387 4743 1552 7779 5199 9709 483 7685 4041 2655 9181 2721 9563 340 3038 531
29 746 2381 4338 747 906 2352 6766 8834 9182 8876 6872 7767 4266 781 4420 6696 4934 5081 3790 3263 4606 1979 9318 2732 7647 9023 9071 9544 9784
28 6392 3929 5886 3172 6516 1283 5435 3489 2318 6037 1309 6814 2017 5833 9609 5076 9596 2684 9294 4333 4772 4463 7306 6408 2501 6755 7805 2338
28 2672 1191 3833 6416 3518 1795 5368 6437 8251 8211 2802 1825 4696 7118 4448 5519 3799 716 9480 3445 1775 7140 1443 7524 8935 3653 3008 6088
28 1408 4246 1751 5349 9150 1293 3479 4745 4562 6015 7925 6674 9739 1418 7431 8051 955 8313 5931 347 364 4000 4468 8306 8516 5667 6564 5644
28 6975 8394 8952 6474 5244 9721 941 9380 2832 3774 4130 8552 7589 376 1706 6521 8217 3088 8138 4142 5961 8905 4850 2257 8165 7852 2809 4184
29 78 5557 2813 16 9967 4304 1804 484 9267 893 2651 5106 3543 1029 9453 9823 7218 8171 5468 562 4029 8427 4038 6943 7090 7837 5029 8694 7796
28 8980 5944 9200 8547 8193 6554 7061 1735 266 8944 3892 5018 8686 5330 1052 5827 8158 6417 179 7170 4445 1586 5686 344 5430 1916 869 6202
28 4189 7704 8286 3264 9397 1604 9238 5639 1620 5687 8808 8931 916 9455 3723 3073 1225 6938 3973 4206 5264 9945 6887 9025 4532 8374 845 4331
28 5014 8468 5206 1772 1465 6262 8958 3604 5343 5023 9526 6773 7247 4748 4213 1567 8461 5038 4894 2172 765 8127 732 2885 516 8743 9015 6051
28 3516 2496 8134 6961 1776 5525 6221 3520 739 5045 2760 8755 5108 5909 2982 6607 7438 6759 1400 2742 3523 6254 7287 5812 4412 3101 1738 7021
28 1813 9538 4503 2769 5829 8266 1689 8001 943 7062 6318 4823 5451 9448 9547 9507 5242 3329 4016 4211 7391 5190 1374 3239 4820 8928 1954 5823
28 3363 3665 4808 896 9190 1257 9909 2238 7142 5843 2078 1709 3124 9845 965 1783 101 8321 9144 8086 6031 5922 186 5232 7508 8272 8062 9643
28 8786 3235 8026 1675 3139 4393 6658 3830 1603 5568 2763 8907 9833 3269 7692 3370 9893 1640 4653 776 8809 9306 1527 2104 8164 2119 4707 2659
28 8057 4796 7251 7481 5585 949 8239 1012 261 5189 9910 2913 1650 7043 3747 958 3869 8082 2460 6549 1478 3676 7897 6534 5569 2306 8132 7722
28 4115 3247 7173 2384 1178 73 5925 7675 8993 3144 4921 3454 8666 7919 5104 1456 9674 7425 2665 7226 4558 50 441 4490 7930 3024 6061 9741
28 5062 8406 3027 9385 9268 2519 2770 2797 1839 1259 3743 2412 1489 4074 9707 9197 618 6343 4861 4863 8405 1529 1974 4608 1939 8228 4345 4821
28 1965 1595 450 3322 3623 4867 1593 8741 3018 1082 5350 7958 5579 4160 9931 7212 7932 2128 6127 9386 1922 9859 808 3588 5937 5859 2786 1921
28 4852 9498 6890 3932 1220 3836 1750 4048 2601 6233 8862 1988 6948 2973 9996 6698 1088 812 6232 9088 3497 5824 6593 2559 5805 5780 5216 2504
28 3042 6488 68 3950 1758 795 456 4524 1549 4792 83 1589 8938 4578 1830 5622 5013 6739 2272 1844 6880 267 8179 1347 8559 3962 2968 7049
28 1048 94 9441 5134 6275 2701 2106 6205 6162 9883 7305 4591 6368 1847 9091 3853 5484 3419 3539 8662 1251 1782 5225 8770 7192 8024 966 124
28 654 8653 3051 7191 5308 4355 6859 2410 5496 7135 7776 4952 7308 3700 1453 3400 2200 3754 3714 3736 4563 7501 3559 6222 497 7371 341 6588
28 4182 3628 4169 8324 1210 7259 9599 6738 2707 8988 569 2116 4985 8137 3152 3599 3319 1741 4991 8930 8729 7905 8510 8343 9579 9383 9410 9700
28 9861 2864 191 9984 8820 8992 4221 6747 2001 5055 3797 9497 8278 1046 4177 2708 1351 1265 1252 6468 5363 7659 5571 4020 6667 9094 1690 2894
28 9435 6770 7358 8438 3391 4567 3669 4452 5861 4726 7328 5289 8115 4602 6706 5790 3113 4143 9239 28 4849 9036 4150 6761 8061 3404 4767 6405
29 152 846 2557 4957 5148 9147 2644 7356 5935 9818 3277 9855 259 1661 7233 2287 6146 5236 759 4464 1432 1202 2612 7551 7542 2737 561 5988 7414
28 5057 3181 4757 170 8445 738 5863 8646 1897 3320 2924 9092 3819 8886 1392 2206 2945 3408 5750 5469 5762 5319 8576 1576 2834 1270 6830 3952
28 42 5467 3575 968 3405 6746 6099 1888 4588 6690 8253 7009 2833 6892 99 4549 8837 3056 8674 5979 7454 3627 6317 3015 7677 287 3285 6014
29 6197 7539 5938 5483 4476 208 5022 7441 5176 6296 3280 9654 3839 1467 2981 7615 2341 6649 4399 6558 8069 9013 9508 9034 5813 1288 1672 4635 647
28 4760 4397 3899 9039 9095 9874 2673 1299 8398 6268 9529 1915 4402 4161 2540 7909 9295 4453 2598 2676 4816 114 4326 1594 6447 5372 6264 4539
27 2378 9243 446 540 8162 5883 9989 6274 9220 6666 2011 4002 3094 5994 7044 3939 255 2754 2974 1569 1381 9680 3424 7730 8077 2273 8470
28 5046 6001 9492 7351 4200 1794 164 9362 1871 3813 2260 8824 1972 2171 264 8764 6512 3162 3466 1984 1208 11 1874 8241 677 9731 2668 9307
28 7633 2803 8851 659 3009 4887 3573 8264 1609 5659 38 8892 3415 2428 278 6653 299 3473 2208 5893 8881 1372 6751 3946 1705 5317 8683 8636
28 445 7030 7183 8733 4834 784 3804 7489 9554 4396 9562 9952 4376 7792 3477 4477 3047 4321 1910 8525 2035 6158 5765 8685 1958 5471 7772 5284
28 9371 9589 128 4480 952 7621 690 4134 3215 615 881 6585 4930 4011 4332 6323 8133 8684 1379 7786 3624 7895 4705 7616 6305 1540 9838 1766
28 3590 3782 5917 3951 5423 9489 385 3934 2542 5856 6893 2020 1262 3028 5114 4700 7881 1652 4405 7051 7686 1110 6981 3493 426 4590 1851 4978
28 660 612 4996 1809 3744 1787 9456 106 4263 1423 1168 5770 3629 6996 920 1272 4164 2029 5444 6349 3725 3002 374 4798 9535 2143 4111 2103
28 4473 6154 5113 9966 1644 3332 6676 3984 8469 4888 7082 9750 3685 178 234 379 3109 6336 2650 9026 366 4485 1685 3157 8830 9358 5562 2518
28 4071 1425 7309 2304 357 7974 5167 1174 4889 8150 9035 6238 9303 8864 3108 4756 6104 5385 4837 1510 1703 7892 8648 2927 7107 3138 6680 8395
28 7662 6671 4751 1835 3050 5210 6643 2337 4457 2646 8153 1389 2092 4343 2671 2949 7081 2660 9511 9009 9373 2669 5719 8515 2054 7435 7841 849
28 7937 8207 271 1417 7625 7668 8569 9762 8262 5222 3603 258 1280 5962 7018 1536 8414 7428 774 944 3032 5019 857 3930 3760 6722 8768 4659
28 1109 8948 7014 6234 6351 2912 8410 3439 3544 1089 4431 9677 1128 9736 3401 3961 4740 1941 9085 6987 921 3613 9977 2393 5633 937 2249 7936
28 1472 6497 1670 8841 3696 8937 9546 6295 87 9260 8214 2946 9309 7258 1353 1876 3820 8041 6900 9105 6196 3572 2883 6832 31 7801 5178 5208
28 570 5008 7380 2736 6677 3851 3001 4487 2281 7374 7071 39 6386 5265 8871 4845 1117 285 7168 5754 9048 7465 3135 3214 6972 8918 8216 2497
28 7576 5613 8297 8829 3557 3267 2591 9310 8638 6256 4047 67 832 231 9716 635 6758 5816 9083 104 7530 8456 1108 2976 2712 951 4965 2149
28 5465 3551 8143 7744 6073 4030 7605 2322 2788 8466 7039 7554 1147 5132 7656 1469 6466 2700 1201 1332 8557 6241 6782 7094 2385 2031 2016 6422
28 2993 1271 2005 9956 5680 7158 6990 1167 1370 5121 560 334 5198 539 3180 2631 1195 923 8161 5745 469 8104 6631 4196 8895 2380 1367 9577
28 3902 352 5740 7020 653 2167 5079 2541 3887 1872 199 8335 3584 3568 9344 3886 5001 1213 7495 6525 7913 3521 7228 6251 4840 8225 7270 6835
28 4753 9826 4507 3763 9520 1165 572 8581 8700 313 9012 1618 4410 7344 3692 4815 7365 4389 6469 5871 1843 4449 1718 3938 3601 2291 9860 9914
28 9488 6597 5529 4917 6995 589 3541 8292 6331 4679 7275 1214 8826 1401 2251 6726 1906 2026 761 1065 1078 7224 9637 634 2572 9615 3159 8670
28 207 4989 7689 1278 1390 3722 5323 1541 9314 7415 5951 798 8248 7962 9326 9564 9659 5186 8868 5421 1617 8075 1583 7711 3779 3161 8819 4916
29 7148 2351 1067 5377 7742 8884 5683 2242 4953 3167 3637 7706 1695 5854 8814 3096 8759 3567 2379 7832 4301 8181 423 4267 1716 3936 4600 5481 3808
28 138 4392 9227 9378 5574 5522 319 1707 1326 2286 4435 9809 9068 1452 3463 2226 5154 6792 5778 4233 1274 7252 4255 1800 5747 4461 126 7690
28 558 8205 4944 9785 9772 2221 33 9986 8680 9889 3402 76 5411 8007 5426 2387 5741 2690 992 3969 9638 296 7376 7125 8981 3664 4256 3634
29 1386 7494 1113 3855 2168 4104 8790 3299 9854 6364 1564 2370 8722 9207 9712 388 8843 2174 3372 5494 3862 6917 4993 1518 9041 6881 764 819 4644
29 9988 4878 7611 3278 5182 1076 5228 3195 7680 6606 1435 2656 4425 1553 1070 7758 6940 4299 8947 6555 3933 3358 7977 3098 6533 3979 870 4789 2980
28 9543 3505 7011 2140 879 6379 7944 8076 8042 3229 9593 2539 9250 8149 713 1927 64 4812 1803 4285 9114 4209 8690 105 9613 4998 7422 4188
28 666 7216 5324 9755 1197 5051 2710 6359 6550 1307 5601 9983 7404 339 6483 3250 4800 3432 7350 4778 1528 7452 6858 9924 3354 7261 2532 5273
28 5777 7720 417 9052 7603 221 402 2027 8874 1218 9575 3975 6809 1170 1894 1571 4470 7628 3732 5271 7469 4613 25 3859 9828 5845 5227 4300
28 2265 3169 2604 2640 4655 6985 3079 2158 9327 3545 452 1880 4992 863 6895 492 8519 5357 2997 2861 3338 7445 5575 2667 9320 3840 1001 6576
28 4398 7487 854 6032 3536 7957 9540 6446 2064 8603 4684 642 8956 143 2739 5652 9469 4780 8997 7956 2455 7169 2340 4416 6415 3522 4897 202
28 4764 2202 8431 1499 1241 5224 5637 4205 5235 5508 4153 5347 9365 4918 7171 4955 6877 9928 9195 5283 988 963 1061 7517 2105 7861 3913 7820
28 2823 1896 5865 8049 4152 53 320 2247 8458 7291 4243 8801 8752 1968 5842 9830 649 8827 1970 3296 8748 4362 5017 6366 1820 3030 9607 973
28 9282 7574 702 1926 6313 163 308 1149 5090 7614 4657 5395 2004 2759 5443 5479 2411 4202 6020 8340 269 9657 2177 1812 6052 6883 7194 3386
28 671 698 3579 1700 931 8651 679 6538 2892 7268 2062 8189 3136 1774 2869 2889 4557 9017 9946 2361 7862 8716 6569 4666 882 6404 8715 6787
28 9155 523 9951 2003 4126 2992 9864 1411 8687 2183 9368 8144 55 2082 6692 6350 9999 5498 3414 6346 725 5011 1997 8554 6901 4683 7322 7534
28 2636 6152 5077 8130 2841 9391 513 6874 2846 5397 5096 8106 5874 8883 95 494 6905 8259 3252 6568 5902 9623 5101 6717 5398 4058 2956 6491
28 4077 9417 7329 8282 2013 3731 7110 6615 5183 392 3431 8659 7549 1885 5540 1616 505 8429 9693 7971 3593 6579 9291 5985 990 6496 5991 7010
27 8453 476 8513 4 3845 3881 7800 6470 6740 3565 4774 4212 5691 5093 9290 4129 8847 5043 6394 1356 1455 5649 7052 4877 9894 3645 7315
28 6845 377 1196 5031 5333 4005 8865 6752 243 4864 8628 1754 228 3390 1963 6451 9040 3891 8671 4846 3093 8521 1183 5665 6577 396 7926 9431
28 993 8590 7979 2570 2633 3186 2637 2313 7468 1207 8573 5405 7072 5839 8550 5026 2425 1720 6875 7716 6536 2443 7048 4407 7050 9452 4585 9837
28 9872 8447 2777 3306 2323 7203 956 1420 1610 7190 1899 2923 9311 7112 1664 1173 3928 5495 1043 7821 8923 9602 9686 1626 3734 9438 265 4347
28 4974 8440 8565 817 9627 1760 9477 2310 670 2799 9412 9051 2977 3828 6743 2714 4645 6120 2490 9028 6825 1628 6 4337 7478 8290 7178 4131
28 2452 534 7421 8464 2966 5126 4282 5772 6230 5366 1228 636 7157 6716 2549 3409 1632 5554 6199 2277 9840 9608 2360 2264 5950 7631 6142 3818
28 9890 7096 9131 460 6005 2053 5433 6215 789 2243 4374 4689 4081 1146 6321 1736 583 7635 807 7211 6391 9849 6478 2691 5548 5489 1791 3767
27 3123 8835 4068 2037 6681 1133 851 8256 5074 2835 4443 9072 5600 9800 3211 8288 7999 1246 9944 5807 5814 4176 7523 4936 378 9829 8479
27 7901 3533 8400 9559 4156 6452 365 8263 8904 8055 6287 527 600 8675 700 6223 3068 8271 348 7255 8508 5558 7868 486 6637 9444 6546
28 7883 6720 5511 8950 6922 1236 3300 8349 1219 2909 5304 6098 6192 3061 8355 8221 9717 6526 7041 7599 3691 6986 5009 9112 6159 3467 5779 7577
29 3815 6683 8481 5109 9752 4530 745 9495 2624 9420 9545 8611 710 989 4855 3470 6353 7570 8054 5094 5656 9610 1731 7683 7463 3663 1136 5240 9346
28 7256 8339 5914 3735 4629 2138 1009 6979 8182 9056 7387 3131 4215 6836 6624 3662 414 5841 5078 7627 8101 2284 4681 8247 4981 8978 3422 5921
28 6638 7946 7394 9811 6869 3318 7349 9059 409 4292 9908 8844 6811 5820 4669 8975 1781 1656 6604 6700 4013 8962 4908 566 1629 1727 6647 6479
28 5500 7222 1037 273 9263 9825 6036 7317 5502 3850 7753 1742 8446 1103 5373 4970 9046 7133 4686 4203 5172 9108 5158 8002 4841 4353 3529 694
28 8315 5608 544 4219 8615 4495 9565 1433 4079 413 1889 223 683 4723 7033 4819 3193 355 4439 6095 8359 7055 6040 6833 3274 8487 7066 9510
28 7822 6425 3640 8083 4009 7842 185 5274 9339 4334 4293 5137 7701 3646 2060 5485 1789 1366 9801 4854 3874 5872 7220 4927 731 4552 8412 5707
27 9696 3119 1983 5534 4716 8293 6128 6218 550 4262 4168 8616 1952 2800 9355 2466 8310 9706 9897 4225 9402 898 2991 9633 8893 5698 6133
27 8407 4474 3643 7707 7992 3049 1238 6978 6675 1683 9089 8145 6388 9002 1413 3641 2447 4787 7070 6514 2356 6501 3752 4411 9030 2807 9724
28 6891 8366 49 7230 1123 4639 9394 2728 9531 790 3035 3982 8345 7346 5786 8200 1013 5246 9985 7780 5544 6679 1017 4584 5536 3697 6542 8696
28 9284 5241 108 5516 9428 2295 1344 5512 4900 9363 7771 3174 8390 8650 5095 3650 8702 8291 829 6131 8136 9433 149 7705 6068 2895 3444 7502
27 2652 1062 6765 9702 2144 4553 7526 8645 1679 7472 5964 9249 4382 5720 7310 7159 3004 7141 967 3843 885 5155 4721 6356 5787 6513 224
28 8709 1468 3302 6983 3380 5693 466 6793 4289 4579 1493 5766 954 9008 917 2462 1654 3261 9005 7749 1514 9061 7714 859 480 8070 6561 2254
28 9814 3171 6475 6382 7177 7408 8111 674 2303 4652 3484 9871 394 805 895 8095 6518 5399 9316 4806 4073 1153 8706 4884 4291 448 4962 3375
27 1577 8152 3312 4966 1907 8991 7891 3647 2960 5547 7195 9372 8639 5800 6462 2108 8480 9345 5288 6165 3980 7197 4510 4228 5256 6320 8180
28 5798 286 810 4279 8751 3275 8050 5396 8541 323 4497 6813 3622 2761 9796 6968 8707 9509 1563 154 3223 8010 8818 2626 8244 7089 2493 4625
27 6669 9850 5942 5696 2664 1994 5446 1821 1310 6263 4687 1935 8332 838 2185 3499 3602 2420 5920 3178 9086 3655 4741 6828 8731 3366 4418
28 3233 5756 6664 5668 9790 5610 3741 7981 2843 5429 3670 8455 133 3446 8780 14 9103 1523 6314 3140 7451 614 4108 1947 4346 5375 4097 3595
27 9211 4433 9522 6748 9115 1093 964 9848 4413 1852 8889 4100 3771 5122 2151 9047 303 5060 2580 6605 3087 3699 2796 9353 9045 9580 5410
28 4616 5049 8797 4311 338 4903 7467 4454 5293 4856 5279 529 3695 1914 3896 5594 5252 7023 1884 7814 3526 8789 9572 2731 7731 7174 9109 9212
27 7760 766 9787 6459 593 3703 2762 3745 1193 1074 9793 1371 3923 9902 3684 407 8757 5655 5034 6934 9715 3577 7583 251 9064 7997 7996
28 2417 1424 4870 7026 8693 7865 8454 8377 3683 4040 9689 2184 5219 9763 623 183 471 5415 9401 1008 7250 9539 2383 1305 8218 6633 362 969
28 6603 1364 8356 5566 7769 5901 43 7748 4483 5904 84 9218 1091 2683 5695 5648 7808 9929 6775 2696 9938 8428 823 894 1316 7029 7850 9556
27 5160 4390 3260 9175 2395 9242 1222 190 9006 8013 521 140 2724 9256 8223 775 461 6443 1733 2816 3689 8485 2197 2862 3607 788 7165
28 2146 3856 5156 9219 5020 4627 9184 36 3675 4489 4223 7830 9769 4371 3437 6078 5573 7225 279 5620 5753 6239 8606 8146 8987 2400 5042 1911
28 8372 8983 6754 2526 837 5671 1770 5739 9885 7450 1724 8861 4919 4598 3389 1511 211 3880 5458 9234 5576 7687 809 5864 8880 6094 9918 5517
28 1753 4166 9646 3268 2930 9831 5138 1657 9658 9690 4818 5768 6024 8279 4167 7888 4946 2118 6140 3935 6855 5873 2250 5391 4384 3468 5204 519
28 7324 7787 6463 2755 5251 220 4828 1882 3678 5749 4019 5281 3303 2204 604 2130 302 6083 976 8312 7444 9550 7360 9667 1975 7002 1350 6413
27 8698 4797 3333 9286 7482 3346 9272 888 7629 5514 5327 2355 8371 6375 4373 6924 8425 3615 3337 8600 206 2392 814 5795 4561 4512 2587
27 8346 3878 8027 9408 4084 6580 6167 6854 5838 6185 2928 4456 1544 2114 2372 4814 1 8571 549 5165 6109 5316 2427 9582 2523 5928 9841
28 6956 9820 7929 1863 9974 813 4137 2574 200 2457 7131 2153 2080 7682 7725 3605 8773 9487 4359 122 5933 8014 2109 4746 8068 556 5897 3517
27 3562 1691 5472 4151 2212 2359 7347 5315 5900 8224 7672 1320 7150 866 5943 6861 884 3852 8496 6458 3726 4426 6260 4984 3451 578 8898
27 9594 6214 6819 1756 873 1042 8737 8914 3130 3362 3191 564 3705 5606 2741 5642 2181 7684 5616 8064 7827 821 2405 7807 8305 1473 9404
28 9960 1247 665 7798 2747 5360 5916 927 4885 1431 6672 7596 9458 4288 7102 9264 7994 646 3550 488 9333 8388 7440 7281 2942 5774 8167 2084
27 7229 811 9685 4046 1985 81 7054 3192 7580 8258 3194 2720 2589 8109 669 4125 7129 2164 4513 2543 5735 880 2491 7923 796 8744 2634
27 4049 4543 26 3396 1025 2058 4394 6562 3304 8511 4127 1405 8482 1145 6540 3512 2663 7510 6589 401 6477 9536 3848 5261 4437 6271 8631
28 395 2793 7042 6407 4250 3443 2748 9240 468 8131 8047 3314 9233 1507 9424 5731 6963 6939 463 1284 1902 5932 3841 235 1634 6823 3769 7756
28 6227 7918 2693 3524 375 7086 5424 5390 987 5035 5329 8558 430 5027 3674 6384 9426 2625 4886 1234 1699 4036 197 4271 4947 9388 1212 5453
28 3265 7984 1066 6150 1462 167 1160 9675 4931 1189 4844 3020 2686 9334 4312 7700 3013 1338 8459 7446 7113 9631 5091 2533 940 8317 1268 5738
28 3611 5149 2205 5207 8697 7572 939 6764 1304 1269 5440 2887 7846 9261 7363 2256 4059 3327 9783 7403 8863 3469 7754 7119 638 3308 8583 7775
27 3581 1348 2512 2614 3266 7607 9235 8249 3254 21 7824 322 5817 831 6365 5590 4493 1216 6247 4216 5995 5589 3141 6002 7951 1991 8351
28 5030 9117 2524 1560 3164 740 134 3780 7671 6357 5412 2148 412 2615 9595 6977 6724 8304 7398 748 4810 1447 2638 652 4895 8640 7654 4576
28 7132 5503 144 7084 6718 9537 7065 4385 4432 2097 3146 1919 6143 6208 4280 7546 6050 100 3916 6118 2210 2553 2964 9208 4224 8589 212 8799
28 5370 6062 498 1822 1448 6464 3205 2499 5821 8325 7466 4316 5259 1223 6147 3102 3890 6039 4499 6372 2764 3022 9620 44 5870 1079 518 722
28 5524 8654 61 2350 6815 5744 5670 8423 2415 5382 4401 8899 1701 9959 7853 4232 6962 7003 3976 1343 4755 6281 2778 2203 3457 8353 5836 7492
27 7313 1437 6623 7323 4018 6049 3151 9393 6572 9835 4440 5852 3321 6591 8732 3418 8336 3822 5335 6107 9449 9101 9074 3940 7223 6626 1990
27 5645 5771 563 4442 4391 8257 3326 141 5355 5530 8008 1920 7860 3175 5299 1918 3596 7961 2898 1696 7818 8160 5538 8018 8060 1211 9768
28 3756 4701 3385 1175 8549 6618 3103 4117 5976 332 1867 9628 9081 1249 982 7836 5003 3737 6043 7420 5710 7967 8535 1509 5491 7553 7608 5723
27 5354 4766 3519 4415 5066 5682 3486 4185 3865 4647 8859 3416 9464 3941 5214 999 834 7027 5923 5626 9210 5341 7602 517 9927 4268 6898
27 8299 5952 9797 3373 309 1138 5596 3100 7024 3262 54 3721 1483 557 169 8276 4094 8626 1850 2628 723 9198 4959 2938 9113 3202 2528
27 5703 9868 6635 3762 5416 8281 541 9457 2689 7875 1395 3356 2014 5220 1416 2695 4596 2131 3428 1755 8163 1031 9978 2718 7856 5621 7718
28 1938 8177 1036 5263 6278 6779 250 7240 8588 1516 2986 8536 799 1856 4421 9214 6315 1702 6571 4253 160 9167 3112 7770 7741 7123 2582 9604
28 2091 5532 4803 2293 721 555 184 6971 4055 5297 8505 7443 3981 9217 8362 4614 2327 7578 9429 3965 2240 6316 1811 1815 860 3958 5930 697
27 2414 4057 5675 9636 1380 6027 3528 8036 5277 1849 2050 1747 9135 6873 2324 8982 762 2702 5602 4508 9682 1500 5408 4381 1385 2059 6663
27 4260 9791 3618 4034 2147 8726 7878 9186 7597 1668 6590 8604 4294 4779 9681 6204 507 9922 742 2831 317 2336 5946 3909 103 7921 3554
27 3075 3765 9236 5855 4697 2468 3619 383 4174 1256 7863 1933 9043 844 815 1828 5628 1684 1230 827 3221 1086 485 2819 4735 2985 7533
27 4830 9460 6970 1442 678 5796 771 8154 7703 594 1329 3834 2235 664 7053 7673 5810 8537 1116 7 2317 2079 1375 3014 8582 2467 9163
27 8184 2332 8919 8327 3036 35 5850 4589 4110 8760 4533 9466 4546 1135 7757 8087 2299 9896 8 3793 6852 7101 9886 7991 3148 936 9354
27 1833 3503 9940 3953 304 4302 1440 8000 7390 4204 5480 6882 4749 2560 9729 9323 1156 4860 5061 6401 3538 783 8747 5527 3197 2481 4771
27 9858 9257 487 3844 215 5499 1784 1306 2176 1233 3055 5441 6298 2704 2527 4623 1611 3031 1164 6067 2934 5776 7595 1404 4680 4556 8114
27 2182 328 4067 9806 4286 6500 1151 7316 111 9976 9993 5803 4583 9923 274 4838 6124 424 5697 4220 9722 9193 1877 509 9422 7839 537
28 2563 2241 4769 1325 1264 9302 7777 2983 5425 8499 8284 3134 6701 4633 7556 1673 2792 1190 9230 1987 5992 6583 7644 9517 3092 1313 9827 2423
28 8085 7395 928 7109 2746 2258 7598 9491 6276 2509 5550 8939 7740 8761 7271 9387 3884 1471 4770 8735 770 349 7342 9934 6798 2268 1739 3876
28 625 7448 1139 7985 294 1373 4116 8518 204 4898 4028 2408 7884 1458 6134 4149 8023 9779 5630 3397 7594 2160 6248 7544 2848 3305 6173 6090
28 2191 9913 1818 1745 9980 4278 3854 2470 4641 8652 4988 2044 3730 8378 3344 3639 1950 8107 847 4208 3561 9063 2896 7477 7156 2902 2561 8629
27 6791 5941 1148 8872 6556 792 2745 2917 1532 2513 6651 3121 8509 6228 2872 6180 3293 4911 3751 5788 3990 3447 9953 2709 9586 3956 3071
27 3832 182 6935 2195 3680 4076 7915 1485 8974 1837 6183 907 2811 2893 8610 2740 5464 4187 342 6641 9146 5709 7601 5936 2357 7474 2157
28 8579 3693 9699 2506 6348 8594 8968 2613 5975 4062 3315 1960 1929 157 9876 4027 5205 4056 6691 2932 8998 316 4593 7396 4913 1150 3555 7207
27 9328 5595 3679 3259 1631 7406 5218 1253 358 9548 3298 9187 6908 1094 6282 5037 1033 4742 1273 2180 9305 6702 6076 20 2345 6435 2296
29 1660 3361 7120 5116 6504 9856 8572 5887 2061 5059 8878 8507 3778 1308 7126 9209 6326 5980 7632 7366 959 6342 5184 7453 7521 5729 9650 2804 6065
27 482 1734 5185 9612 3757 489 1998 9415 4736 6800 2426 6581 1102 3801 4414 3814 6400 1286 5267 4198 3294 2987 6077 3547 501 7004 4871
27 3968 6879 7581 8699 9096 1282 6112 8441 1427 9921 9502 6367 1744 5947 6629 5627 7210 7208 9532 9926 7204 4265 3510 7970 4954 4940 2155
28 1764 9992 3921 6102 7249 2346 9571 4874 6795 9771 7108 7990 3893 7739 7924 6376 1224 1903 8692 2073 4859 3994 2115 1119 5734 8771 8265 1199
27 1568 2785 2933 9416 6421 5478 6866 8793 8912 4857 9780 1085 3807 4128 8713 2727 4847 2723 5047 1438 8079 459 8788 8846 3289 2075 4364
28 8404 6578 9251 9669 1659 5058 7359 4880 9442 5413 3548 6115 7025 3609 7124 3895 9647 1955 9521 1605 1501 9948 2812 1765 9474 3218 5007 7368
27 8039 8125 6655 8906 5860 970 1340 74 1519 3078 3273 2685 3464 305 4072 1977 5957 3007 8705 2605 284 351 5996 8712 6028 4714 7907
28 2648 7031 5537 1024 9761 2429 9745 3905 8238 5793 5309 4428 9501 5767 5646 4693 2047 1625 9644 7057 7263 5085 5342 5386 5685 8784 4014 5885
27 1599 4568 6928 6374 8701 4183 9622 4545 4031 1290 4101 5290 2675 3889 2508 6492 9776 6863 454 6831 3309 5180 6797 7518 3168 2371 3188
27 7642 6796 8586 1124 8765 1055 3040 1127 219 2055 384 5890 7001 6741 2015 4656 324 1565 3566 1384 5449 3374 3729 1266 9398 8539 1773
28 8546 2335 3316 1049 2166 682 8718 9324 5704 9919 4882 5282 3974 9552 7013 5187 9405 370 8098 9541 542 2905 7972 7121 1486 3970 9882 7456
27 3877 553 4214 1059 7180 8957 1342 4575 6630 6609 2040 1934 7532 2845 6380 3574 4085 6967 46 7497 7562 7857 9557 616 6303 9645 3006
27 2711 6729 4239 9384 3283 704 1904 6312 5523 8877 7000 7560 3251 213 8578 8960 3231 3244 3394 9663 8102 8739 6499 6920 1022 4586 6806
28 8267 5846 6003 3410 3671 8417 3871 9044 576 7815 7355 5828 5782 2220 533 4258 1613 4541 1806 3282 668 6723 6139 9524 192 8501 9968 977
27 2996 6200 40 9817 6520 9504 7117 5053 1007 8391 4564 8337 9792 2939 361 8996 5422 5799 7325 9843 3823 1311 9124 8110 574 8151 4747
27 1824 4632 5669 9120 1515 8754 3281 685 2989 5314 9332 5689 1642 8338 2193 8370 398 5986 6381 5414 3673 10 6141 5549 9687 6269 4712
27 9194 5583 7922 6910 4248 8634 883 5406 6567 4822 5963 4612 6176 568 369 4843 354 3621 9512 5722 4537 5234 3351 1396 4352 9349 3021
28 6190 9366 7335 6030 8204 5 5353 2489 1602 7670 4945 4344 1321 4813 1517 7778 8333 8186 1087 7940 7303 4210 4039 651 3796 3074 6732 7899
27 1204 2890 6699 9836 2137 6816 9439 6436 565 4665 6927 567 9160 7058 5356 9066 4118 9730 7646 1157 3750 9503 37 8695 47 7470 2134
27 2517 9591 4318 7442 7485 9329 760 9084 4527 1349 9728 4835 8963 1667 2326 2312 1240 4357 3475 7945 9331 8772 6339 9476 3328 2620 5033
27 5147 548 479 422 5313 2154 209 6944 3648 3330 8296 865 3759 914 4676 9297 588 7262 1901 4245 6290 2437 8520 2510 6673 8945 2661
28 9445 554 7698 9382 785 3949 9406 3821 4306 5322 9087 4284 345 3944 6072 2315 3571 7103 6788 1159 1041 2566 6335 6325 2828 7938 6952 3082
27 5262 4754 3324 9129 1562 5867 7896 6559 4500 833 7068 9651 2404 9060 318 5447 2070 4572 5194 433 4620 5300 8527 6327 6008 696 7460
27 3198 5984 4458 2767 2768 132 6286 8005 2722 1104 8562 6763 4986 6772 8990 4496 9981 4086 4972 1324 1827 8188 8777 5882 2616 119 6865
28 9360 5334 1407 1597 2049 8462 3644 6547 4388 391 4032 4658 6665 6006 9232 8972 7591 4842 1649 867 1107 5381 9342 6916 1967 8941 2810 7234
27 6982 8434 8625 60 6876 6622 6057 1725 4158 59 1206 3147 3199 1451 611 6621 9671 7732 9171 2222 6467 8763 7289 7788 8682 2850 1864
27 957 9584 2263 1398 2358 1229 5784 1802 230 8894 6648 6378 7242 7146 8031 5539 7231 3638 495 7565 708 828 9069 196 2041 4502 8194
27 4501 5475 5129 3954 9625 3667 996 6553 2947 4833 300 4092 7321 7088 5546 3535 2229 8839 3999 4022 897 6899 5615 5466 2008 1345 7911
28 750 9037 6258 291 9322 6566 6395 5748 9270 3508 9979 8832 7007 7809 2369 6075 9140 6725 2259 5891 579 6080 2978 4320 415 1105 5717 8392
27 7205 9695 2876 2186 3292 236 4377 9853 2511 1749 5124 2606 6878 1662 7307 7630 7181 7563 2827 8361 3864 6541 7505 8803 3906 9866 7947
28 3860 8543 9459 8833 9258 8746 8873 4348 7105 5603 8294 5497 877 7859 8908 2753 8758 5672 9337 7504 3509 1966 8811 6011 9778 4257 2386 7162
28 4581 726 1014 9073 4976 2057 173 1525 9308 8668 9857 8821 8020 1892 9421 3927 8155 307 8817 329 5141 876 3706 8197 65 120 6942 2388
27 7794 9166 7636 4455 6767 3783 6369 2680 5763 4460 2474 8691 777 4368 66 514 5989 3248 1940 6019 4968 8633 948 6136 4762 950 8932
27 280 5528 8875 6445 4636 4858 1898 4630 290 8147 1460 2416 4603 8560 938 9427 3125 8563 1729 6259 293 3586 8174 621 8011 9786 6596
27 1788 8927 7384 4926 443 4514 662 2142 3176 9970 3407 1436 6063 7953 6837 4525 5419 6958 864 201 6370 8852 5016 2498 7968 5789 7908
27 6257 8710 5153 4400 2339 4948 4472 2161 4264 1694 6252 9906 3010 4943 1382 6714 8587 7357 3788 3597 137 8838 5660 6013 1601 5050 9192
27 8545 4951 1590 9621 4192 8381 2450 5401 5012 3794 2325 6025 2944 210 8283 4522 241 9701 6023 6645 622 5624 2926 6784 3120 9161 3048
28 1377 4259 4650 2479 8584 9494 9936 720 7765 2083 9812 8734 7459 3806 4351 1221 4106 478 6736 1992 767 9691 3426 8672 427 9916 9330 7134
27 1573 8170 7219 7579 8910 8924 6389 4004 619 70 8857 3360 3502 5379 1439 6306 325 6195 4429 4154 8344 7799 8823 2094 1464 1559 511
28 6557 9662 2000 2599 5520 6844 9055 499 5301 5028 6210 4375 5974 5808 1171 1832 5806 5150 9901 4663 2471 9205 3084 9713 2448 5507 8443 3116
27 5837 9104 7458 7543 7667 8756 2771 841 6084 7037 1444 6510 8384 337 7172 3837 1336 1480 5164 8806 4324 18 3450 1937 3652 1399 6730
27 3288 8971 6231 2578 1681 8006 4387 902 1317 8617 3507 71 5993 8348 7069 7206 1584 7314 6132 4102 2875 6209 4008 253 7246 6842 5320
28 7047 1339 4937 8063 9937 1547 8673 1759 3481 1643 7645 4906 1056 643 2006 903 9553 9266 7582 9578 6108 6465 1337 5459 3207 953 4419 8311
27 3209 3772 2012 4560 5726 6411 3556 4190 8493 6856 3515 2066 6337 7557 3677 6802 2113 4372 2515 8785 4283 312 6431 7164 1010 7593 1627
27 1752 1768 6402 8053 5102 703 9892 5862 9274 7257 7766 7340 5664 7702 1535 9276 756 8016 8767 6122 2575 5305 8363 6660 5285 3062 6279
28 3076 3681 5881 3442 8250 1412 4950 7483 871 718 9862 5905 4599 3132 8124 4112 7733 6689 4604 1335 7137 4075 8556 978 9698 1369 9697 5674
27 7855 3911 3149 3 3412 5912 975 2477 465 9281 933 6018 2743 6156 4902 7750 8119 9641 7095 6243 9379 6661 455 2567 1655 6157 5269
27 5233 3258 5553 7367 9777 1639 7379 2961 7455 2030 2255 5611 5427 8796 2475 1050 5212 8331 2023 9275 8635 8929 4631 6532 491 6235 711
27 4980 1746 2 9273 5868 2840 4395 1064 3340 203 7334 7941 5840 4551 1054 7898 5899 500 6193 3617 4427 2545 4366 79 8195 3279 9802
27 474 4122 5247 2141 4739 7719 9395 3430 2538 9842 872 1034 3812 8630 6362 2043 6494 2941 7098 5866 3053 2784 6293 8845 575 1638 7153
27 4671 5136 9933 5826 4175 8176 6994 4799 8728 2068 5169 1698 2682 4226 1496 4051 536 2045 672 7254 4242 9450 9766 6490 5092 5635 2630
